INFO:     Will watch for changes in these directories: ['/Users/zhanh391/PC/ChatBI/backend']
INFO:     Uvicorn running on http://0.0.0.0:8000 (Press CTRL+C to quit)
INFO:     Started reloader process [77597] using StatReload
INFO:src.database_engine:Base.metadata.tables keys: ['conversation_messages', 'data_sources', 'data_table_sync_history', 'data_tables', 'dictionaries', 'dictionary_items', 'dictionary_version_items', 'dictionary_versions', 'dynamic_dictionary_configs', 'field_mappings', 'knowledge_bases', 'knowledge_items', 'prompt_config', 'session_context', 'table_field_history', 'table_fields', 'table_folders', 'table_relations', 'token_usage_stats']
INFO:src.database_engine:数据库连接池健康检查通过
INFO:src.database:生产模式已启用，使用MySQL数据库
Process SpawnProcess-1:
Traceback (most recent call last):
  File "/opt/homebrew/Caskroom/miniconda/base/lib/python3.12/multiprocessing/process.py", line 314, in _bootstrap
    self.run()
  File "/opt/homebrew/Caskroom/miniconda/base/lib/python3.12/multiprocessing/process.py", line 108, in run
    self._target(*self._args, **self._kwargs)
  File "/Users/zhanh391/PC/ChatBI/backend/.venv/lib/python3.12/site-packages/uvicorn/_subprocess.py", line 80, in subprocess_started
    target(sockets=sockets)
  File "/Users/zhanh391/PC/ChatBI/backend/.venv/lib/python3.12/site-packages/uvicorn/server.py", line 67, in run
    return asyncio_run(self.serve(sockets=sockets), loop_factory=self.config.get_loop_factory())
           ^^^^^^^^^^^^^^^^^^^^^^^^^^^^^^^^^^^^^^^^^^^^^^^^^^^^^^^^^^^^^^^^^^^^^^^^^^^^^^^^^^^^^
  File "/opt/homebrew/Caskroom/miniconda/base/lib/python3.12/asyncio/runners.py", line 194, in run
    return runner.run(main)
           ^^^^^^^^^^^^^^^^
  File "/opt/homebrew/Caskroom/miniconda/base/lib/python3.12/asyncio/runners.py", line 118, in run
    return self._loop.run_until_complete(task)
           ^^^^^^^^^^^^^^^^^^^^^^^^^^^^^^^^^^^
  File "/opt/homebrew/Caskroom/miniconda/base/lib/python3.12/asyncio/base_events.py", line 685, in run_until_complete
    return future.result()
           ^^^^^^^^^^^^^^^
  File "/Users/zhanh391/PC/ChatBI/backend/.venv/lib/python3.12/site-packages/uvicorn/server.py", line 71, in serve
    await self._serve(sockets)
  File "/Users/zhanh391/PC/ChatBI/backend/.venv/lib/python3.12/site-packages/uvicorn/server.py", line 78, in _serve
    config.load()
  File "/Users/zhanh391/PC/ChatBI/backend/.venv/lib/python3.12/site-packages/uvicorn/config.py", line 439, in load
    self.loaded_app = import_from_string(self.app)
                      ^^^^^^^^^^^^^^^^^^^^^^^^^^^^
  File "/Users/zhanh391/PC/ChatBI/backend/.venv/lib/python3.12/site-packages/uvicorn/importer.py", line 19, in import_from_string
    module = importlib.import_module(module_str)
             ^^^^^^^^^^^^^^^^^^^^^^^^^^^^^^^^^^^
  File "/opt/homebrew/Caskroom/miniconda/base/lib/python3.12/importlib/__init__.py", line 90, in import_module
    return _bootstrap._gcd_import(name[level:], package, level)
           ^^^^^^^^^^^^^^^^^^^^^^^^^^^^^^^^^^^^^^^^^^^^^^^^^^^^
  File "<frozen importlib._bootstrap>", line 1387, in _gcd_import
  File "<frozen importlib._bootstrap>", line 1360, in _find_and_load
  File "<frozen importlib._bootstrap>", line 1331, in _find_and_load_unlocked
  File "<frozen importlib._bootstrap>", line 935, in _load_unlocked
  File "<frozen importlib._bootstrap_external>", line 995, in exec_module
  File "<frozen importlib._bootstrap>", line 488, in _call_with_frames_removed
  File "/Users/zhanh391/PC/ChatBI/backend/src/main.py", line 57, in <module>
    from src.api.data_source_api import router as data_source_router
  File "/Users/zhanh391/PC/ChatBI/backend/src/api/__init__.py", line 1, in <module>
    from .context_api import router as context_router
  File "/Users/zhanh391/PC/ChatBI/backend/src/api/context_api.py", line 4, in <module>
    from src.services.context_manager import context_manager
ImportError: cannot import name 'context_manager' from 'src.services.context_manager' (/Users/zhanh391/PC/ChatBI/backend/src/services/context_manager.py)
