2026-01-26 14:37:25 - ChatBI - INFO - Initializing database connection pool on startup...
2026-01-26 14:37:25 - ChatBI - INFO - 正在尝试使用 password 认证方式创建连接池...
2026-01-26 14:37:25 - ChatBI - INFO - 使用 password 认证方式数据库连接池初始化成功
2026-01-26 14:37:25 - ChatBI - INFO - Database connection pool initialized successfully
2026-01-26 14:37:28 - ChatBI - INFO - Health check endpoint accessed
2026-01-26 14:41:48 - ChatBI - INFO - Closing database connection pool on shutdown...
2026-01-26 14:41:48 - ChatBI - INFO - 数据库连接池已成功关闭
2026-01-26 14:41:50 - ChatBI - INFO - Initializing database connection pool on startup...
2026-01-26 14:41:50 - ChatBI - INFO - 正在尝试使用 password 认证方式创建连接池...
2026-01-26 14:41:50 - ChatBI - INFO - 使用 password 认证方式数据库连接池初始化成功
2026-01-26 14:41:50 - ChatBI - INFO - Database connection pool initialized successfully
2026-01-26 14:42:21 - ChatBI - INFO - Closing database connection pool on shutdown...
2026-01-26 14:42:21 - ChatBI - INFO - 数据库连接池已成功关闭
2026-01-26 14:42:22 - ChatBI - INFO - Initializing database connection pool on startup...
2026-01-26 14:42:22 - ChatBI - INFO - 正在尝试使用 password 认证方式创建连接池...
2026-01-26 14:42:22 - ChatBI - INFO - 使用 password 认证方式数据库连接池初始化成功
2026-01-26 14:42:22 - ChatBI - INFO - Database connection pool initialized successfully
2026-01-26 14:42:30 - ChatBI - INFO - Closing database connection pool on shutdown...
2026-01-26 14:42:30 - ChatBI - INFO - 数据库连接池已成功关闭
2026-01-26 14:42:37 - ChatBI - INFO - Initializing database connection pool on startup...
2026-01-26 14:42:37 - ChatBI - INFO - 正在尝试使用 password 认证方式创建连接池...
2026-01-26 14:42:37 - ChatBI - INFO - 使用 password 认证方式数据库连接池初始化成功
2026-01-26 14:42:37 - ChatBI - INFO - Database connection pool initialized successfully
2026-01-26 14:45:26 - ChatBI - INFO - Closing database connection pool on shutdown...
2026-01-26 14:45:26 - ChatBI - INFO - 数据库连接池已成功关闭
2026-01-26 14:45:27 - ChatBI - INFO - Initializing database connection pool on startup...
2026-01-26 14:45:27 - ChatBI - INFO - 正在尝试使用 password 认证方式创建连接池...
2026-01-26 14:45:27 - ChatBI - INFO - 使用 password 认证方式数据库连接池初始化成功
2026-01-26 14:45:27 - ChatBI - INFO - Database connection pool initialized successfully
2026-01-26 14:45:31 - ChatBI - INFO - Closing database connection pool on shutdown...
2026-01-26 14:45:31 - ChatBI - INFO - 数据库连接池已成功关闭
2026-01-26 14:46:59 - ChatBI - INFO - Initializing database connection pool on startup...
2026-01-26 14:46:59 - ChatBI - INFO - 正在尝试使用 password 认证方式创建连接池...
2026-01-26 14:46:59 - ChatBI - INFO - 使用 password 认证方式数据库连接池初始化成功
2026-01-26 14:46:59 - ChatBI - INFO - Database connection pool initialized successfully
2026-01-26 15:05:50 - ChatBI - INFO - Root endpoint accessed
2026-01-26 15:05:53 - ChatBI - INFO - Health check endpoint accessed
2026-01-26 15:13:15 - ChatBI - INFO - Closing database connection pool on shutdown...
2026-01-26 15:13:15 - ChatBI - INFO - 数据库连接池已成功关闭
2026-01-26 15:13:16 - ChatBI - INFO - Initializing database connection pool on startup...
2026-01-26 15:13:16 - ChatBI - INFO - 正在尝试使用 password 认证方式创建连接池...
2026-01-26 15:13:16 - ChatBI - INFO - 使用 password 认证方式数据库连接池初始化成功
2026-01-26 15:13:16 - ChatBI - INFO - Database connection pool initialized successfully
2026-01-26 15:13:26 - ChatBI - INFO - Closing database connection pool on shutdown...
2026-01-26 15:13:26 - ChatBI - INFO - 数据库连接池已成功关闭
2026-01-26 15:13:27 - ChatBI - INFO - Initializing database connection pool on startup...
2026-01-26 15:13:27 - ChatBI - INFO - 正在尝试使用 password 认证方式创建连接池...
2026-01-26 15:13:27 - ChatBI - INFO - 使用 password 认证方式数据库连接池初始化成功
2026-01-26 15:13:27 - ChatBI - INFO - Database connection pool initialized successfully
2026-01-26 15:19:50 - ChatBI - INFO - Closing database connection pool on shutdown...
2026-01-26 15:19:50 - ChatBI - INFO - 数据库连接池已成功关闭
2026-01-26 15:19:52 - ChatBI - INFO - Initializing database connection pool on startup...
2026-01-26 15:19:52 - ChatBI - INFO - 正在尝试使用 password 认证方式创建连接池...
2026-01-26 15:19:52 - ChatBI - INFO - 使用 password 认证方式数据库连接池初始化成功
2026-01-26 15:19:52 - ChatBI - INFO - Database connection pool initialized successfully
2026-01-26 15:20:02 - ChatBI - INFO - Closing database connection pool on shutdown...
2026-01-26 15:20:02 - ChatBI - INFO - 数据库连接池已成功关闭
2026-01-26 15:20:03 - ChatBI - INFO - Initializing database connection pool on startup...
2026-01-26 15:20:03 - ChatBI - INFO - 正在尝试使用 password 认证方式创建连接池...
2026-01-26 15:20:03 - ChatBI - INFO - 使用 password 认证方式数据库连接池初始化成功
2026-01-26 15:20:03 - ChatBI - INFO - Database connection pool initialized successfully
2026-01-26 15:20:58 - ChatBI - INFO - Closing database connection pool on shutdown...
2026-01-26 15:20:58 - ChatBI - INFO - 数据库连接池已成功关闭
2026-01-26 15:21:00 - ChatBI - INFO - Initializing database connection pool on startup...
2026-01-26 15:21:00 - ChatBI - INFO - 正在尝试使用 password 认证方式创建连接池...
2026-01-26 15:21:00 - ChatBI - INFO - 使用 password 认证方式数据库连接池初始化成功
2026-01-26 15:21:00 - ChatBI - INFO - Database connection pool initialized successfully
2026-01-26 15:21:03 - ChatBI - INFO - Closing database connection pool on shutdown...
2026-01-26 15:21:03 - ChatBI - INFO - 数据库连接池已成功关闭
2026-01-26 15:21:04 - ChatBI - INFO - Initializing database connection pool on startup...
2026-01-26 15:21:04 - ChatBI - INFO - 正在尝试使用 password 认证方式创建连接池...
2026-01-26 15:21:04 - ChatBI - INFO - 使用 password 认证方式数据库连接池初始化成功
2026-01-26 15:21:04 - ChatBI - INFO - Database connection pool initialized successfully
2026-01-26 15:21:06 - ChatBI - INFO - Initializing database connection pool on startup...
2026-01-26 15:21:06 - ChatBI - INFO - 正在尝试使用 password 认证方式创建连接池...
2026-01-26 15:21:06 - ChatBI - INFO - 使用 password 认证方式数据库连接池初始化成功
2026-01-26 15:21:06 - ChatBI - INFO - Database connection pool initialized successfully
2026-01-26 15:21:06 - ChatBI - INFO - Closing database connection pool on shutdown...
2026-01-26 15:21:06 - ChatBI - INFO - 数据库连接池已成功关闭
2026-01-26 15:21:08 - ChatBI - INFO - Initializing database connection pool on startup...
2026-01-26 15:21:08 - ChatBI - INFO - 正在尝试使用 password 认证方式创建连接池...
2026-01-26 15:21:08 - ChatBI - INFO - 使用 password 认证方式数据库连接池初始化成功
2026-01-26 15:21:08 - ChatBI - INFO - Database connection pool initialized successfully
2026-01-26 15:21:29 - ChatBI - INFO - Closing database connection pool on shutdown...
2026-01-26 15:21:29 - ChatBI - INFO - 数据库连接池已成功关闭
2026-01-26 15:21:31 - ChatBI - INFO - Initializing database connection pool on startup...
2026-01-26 15:21:31 - ChatBI - INFO - 正在尝试使用 password 认证方式创建连接池...
2026-01-26 15:21:31 - ChatBI - INFO - 使用 password 认证方式数据库连接池初始化成功
2026-01-26 15:21:31 - ChatBI - INFO - Database connection pool initialized successfully
2026-01-26 15:21:32 - ChatBI - INFO - Closing database connection pool on shutdown...
2026-01-26 15:21:32 - ChatBI - INFO - 数据库连接池已成功关闭
2026-01-26 15:21:33 - ChatBI - INFO - Initializing database connection pool on startup...
2026-01-26 15:21:33 - ChatBI - INFO - 正在尝试使用 password 认证方式创建连接池...
2026-01-26 15:21:33 - ChatBI - INFO - 使用 password 认证方式数据库连接池初始化成功
2026-01-26 15:21:33 - ChatBI - INFO - Database connection pool initialized successfully
2026-01-26 15:21:37 - ChatBI - INFO - Closing database connection pool on shutdown...
2026-01-26 15:21:37 - ChatBI - INFO - 数据库连接池已成功关闭
2026-01-26 15:21:38 - ChatBI - INFO - Initializing database connection pool on startup...
2026-01-26 15:21:38 - ChatBI - INFO - 正在尝试使用 password 认证方式创建连接池...
2026-01-26 15:21:38 - ChatBI - INFO - 使用 password 认证方式数据库连接池初始化成功
2026-01-26 15:21:38 - ChatBI - INFO - Database connection pool initialized successfully
2026-01-26 15:21:54 - ChatBI - INFO - Closing database connection pool on shutdown...
2026-01-26 15:21:54 - ChatBI - INFO - 数据库连接池已成功关闭
2026-01-26 15:21:55 - ChatBI - INFO - Initializing database connection pool on startup...
2026-01-26 15:21:55 - ChatBI - INFO - 正在尝试使用 password 认证方式创建连接池...
2026-01-26 15:21:55 - ChatBI - INFO - 使用 password 认证方式数据库连接池初始化成功
2026-01-26 15:21:55 - ChatBI - INFO - Database connection pool initialized successfully
2026-01-26 15:21:57 - ChatBI - INFO - Closing database connection pool on shutdown...
2026-01-26 15:21:58 - ChatBI - INFO - 数据库连接池已成功关闭
2026-01-26 15:22:00 - ChatBI - INFO - Initializing database connection pool on startup...
2026-01-26 15:22:00 - ChatBI - INFO - 正在尝试使用 password 认证方式创建连接池...
2026-01-26 15:22:00 - ChatBI - INFO - 使用 password 认证方式数据库连接池初始化成功
2026-01-26 15:22:00 - ChatBI - INFO - Database connection pool initialized successfully
2026-01-26 15:22:05 - ChatBI - INFO - Closing database connection pool on shutdown...
2026-01-26 15:22:05 - ChatBI - INFO - 数据库连接池已成功关闭
2026-01-26 15:22:07 - ChatBI - INFO - Initializing database connection pool on startup...
2026-01-26 15:22:07 - ChatBI - INFO - 正在尝试使用 password 认证方式创建连接池...
2026-01-26 15:22:07 - ChatBI - INFO - 使用 password 认证方式数据库连接池初始化成功
2026-01-26 15:22:07 - ChatBI - INFO - Database connection pool initialized successfully
2026-01-26 15:22:14 - ChatBI - INFO - Closing database connection pool on shutdown...
2026-01-26 15:22:14 - ChatBI - INFO - 数据库连接池已成功关闭
2026-01-26 15:22:15 - ChatBI - INFO - Initializing database connection pool on startup...
2026-01-26 15:22:15 - ChatBI - INFO - 正在尝试使用 password 认证方式创建连接池...
2026-01-26 15:22:15 - ChatBI - INFO - 使用 password 认证方式数据库连接池初始化成功
2026-01-26 15:22:15 - ChatBI - INFO - Database connection pool initialized successfully
2026-01-26 15:22:19 - ChatBI - INFO - Closing database connection pool on shutdown...
2026-01-26 15:22:19 - ChatBI - INFO - 数据库连接池已成功关闭
2026-01-26 15:22:20 - ChatBI - INFO - Initializing database connection pool on startup...
2026-01-26 15:22:20 - ChatBI - INFO - 正在尝试使用 password 认证方式创建连接池...
2026-01-26 15:22:20 - ChatBI - INFO - 使用 password 认证方式数据库连接池初始化成功
2026-01-26 15:22:20 - ChatBI - INFO - Database connection pool initialized successfully
2026-01-26 15:22:24 - ChatBI - INFO - Closing database connection pool on shutdown...
2026-01-26 15:22:24 - ChatBI - INFO - 数据库连接池已成功关闭
2026-01-26 15:22:25 - ChatBI - INFO - Initializing database connection pool on startup...
2026-01-26 15:22:25 - ChatBI - INFO - 正在尝试使用 password 认证方式创建连接池...
2026-01-26 15:22:25 - ChatBI - INFO - 使用 password 认证方式数据库连接池初始化成功
2026-01-26 15:22:25 - ChatBI - INFO - Database connection pool initialized successfully
2026-01-26 15:22:34 - ChatBI - INFO - Closing database connection pool on shutdown...
2026-01-26 15:22:34 - ChatBI - INFO - 数据库连接池已成功关闭
2026-01-26 15:22:35 - ChatBI - INFO - Initializing database connection pool on startup...
2026-01-26 15:22:35 - ChatBI - INFO - 正在尝试使用 password 认证方式创建连接池...
2026-01-26 15:22:35 - ChatBI - INFO - 使用 password 认证方式数据库连接池初始化成功
2026-01-26 15:22:35 - ChatBI - INFO - Database connection pool initialized successfully
2026-01-26 15:22:36 - ChatBI - INFO - Closing database connection pool on shutdown...
2026-01-26 15:22:36 - ChatBI - INFO - 数据库连接池已成功关闭
2026-01-26 15:22:37 - ChatBI - INFO - Initializing database connection pool on startup...
2026-01-26 15:22:37 - ChatBI - INFO - 正在尝试使用 password 认证方式创建连接池...
2026-01-26 15:22:37 - ChatBI - INFO - 使用 password 认证方式数据库连接池初始化成功
2026-01-26 15:22:37 - ChatBI - INFO - Database connection pool initialized successfully
2026-01-26 15:22:43 - ChatBI - INFO - Closing database connection pool on shutdown...
2026-01-26 15:22:43 - ChatBI - INFO - 数据库连接池已成功关闭
2026-01-26 15:22:44 - ChatBI - INFO - Initializing database connection pool on startup...
2026-01-26 15:22:44 - ChatBI - INFO - 正在尝试使用 password 认证方式创建连接池...
2026-01-26 15:22:44 - ChatBI - INFO - 使用 password 认证方式数据库连接池初始化成功
2026-01-26 15:22:44 - ChatBI - INFO - Database connection pool initialized successfully
2026-01-26 15:23:40 - ChatBI - INFO - Closing database connection pool on shutdown...
2026-01-26 15:23:40 - ChatBI - INFO - 数据库连接池已成功关闭
2026-01-26 15:23:41 - ChatBI - INFO - Initializing database connection pool on startup...
2026-01-26 15:23:41 - ChatBI - INFO - 正在尝试使用 password 认证方式创建连接池...
2026-01-26 15:23:41 - ChatBI - INFO - 使用 password 认证方式数据库连接池初始化成功
2026-01-26 15:23:41 - ChatBI - INFO - Database connection pool initialized successfully
2026-01-26 15:25:06 - ChatBI - INFO - Closing database connection pool on shutdown...
2026-01-26 15:25:06 - ChatBI - INFO - 数据库连接池已成功关闭
2026-01-26 15:25:07 - ChatBI - INFO - Initializing database connection pool on startup...
2026-01-26 15:25:07 - ChatBI - INFO - 正在尝试使用 password 认证方式创建连接池...
2026-01-26 15:25:07 - ChatBI - INFO - 使用 password 认证方式数据库连接池初始化成功
2026-01-26 15:25:07 - ChatBI - INFO - Database connection pool initialized successfully
2026-01-26 15:25:21 - ChatBI - INFO - Closing database connection pool on shutdown...
2026-01-26 15:25:21 - ChatBI - INFO - 数据库连接池已成功关闭
2026-01-26 15:25:23 - ChatBI - INFO - Initializing database connection pool on startup...
2026-01-26 15:25:23 - ChatBI - INFO - 正在尝试使用 password 认证方式创建连接池...
2026-01-26 15:25:23 - ChatBI - INFO - 使用 password 认证方式数据库连接池初始化成功
2026-01-26 15:25:23 - ChatBI - INFO - Database connection pool initialized successfully
2026-01-26 15:25:30 - ChatBI - INFO - Closing database connection pool on shutdown...
2026-01-26 15:25:30 - ChatBI - INFO - 数据库连接池已成功关闭
2026-01-26 15:25:31 - ChatBI - INFO - Initializing database connection pool on startup...
2026-01-26 15:25:31 - ChatBI - INFO - 正在尝试使用 password 认证方式创建连接池...
2026-01-26 15:25:31 - ChatBI - INFO - 使用 password 认证方式数据库连接池初始化成功
2026-01-26 15:25:31 - ChatBI - INFO - Database connection pool initialized successfully
2026-01-26 15:25:45 - ChatBI - INFO - Closing database connection pool on shutdown...
2026-01-26 15:25:45 - ChatBI - INFO - 数据库连接池已成功关闭
2026-01-26 15:25:46 - ChatBI - INFO - Initializing database connection pool on startup...
2026-01-26 15:25:46 - ChatBI - INFO - 正在尝试使用 password 认证方式创建连接池...
2026-01-26 15:25:46 - ChatBI - INFO - 使用 password 认证方式数据库连接池初始化成功
2026-01-26 15:25:46 - ChatBI - INFO - Database connection pool initialized successfully
2026-01-26 15:25:50 - ChatBI - INFO - Closing database connection pool on shutdown...
2026-01-26 15:25:50 - ChatBI - INFO - 数据库连接池已成功关闭
2026-01-26 15:25:51 - ChatBI - INFO - Initializing database connection pool on startup...
2026-01-26 15:25:51 - ChatBI - INFO - 正在尝试使用 password 认证方式创建连接池...
2026-01-26 15:25:51 - ChatBI - INFO - 使用 password 认证方式数据库连接池初始化成功
2026-01-26 15:25:51 - ChatBI - INFO - Database connection pool initialized successfully
2026-01-26 15:25:56 - ChatBI - INFO - Closing database connection pool on shutdown...
2026-01-26 15:25:56 - ChatBI - INFO - 数据库连接池已成功关闭
2026-01-26 15:25:57 - ChatBI - INFO - Initializing database connection pool on startup...
2026-01-26 15:25:57 - ChatBI - INFO - 正在尝试使用 password 认证方式创建连接池...
2026-01-26 15:25:57 - ChatBI - INFO - 使用 password 认证方式数据库连接池初始化成功
2026-01-26 15:25:57 - ChatBI - INFO - Database connection pool initialized successfully
2026-01-26 15:26:01 - ChatBI - INFO - Closing database connection pool on shutdown...
2026-01-26 15:26:01 - ChatBI - INFO - 数据库连接池已成功关闭
2026-01-26 15:26:03 - ChatBI - INFO - Initializing database connection pool on startup...
2026-01-26 15:26:03 - ChatBI - INFO - 正在尝试使用 password 认证方式创建连接池...
2026-01-26 15:26:03 - ChatBI - INFO - 使用 password 认证方式数据库连接池初始化成功
2026-01-26 15:26:03 - ChatBI - INFO - Database connection pool initialized successfully
2026-01-26 15:26:11 - ChatBI - INFO - Closing database connection pool on shutdown...
2026-01-26 15:26:11 - ChatBI - INFO - 数据库连接池已成功关闭
2026-01-26 15:26:12 - ChatBI - INFO - Initializing database connection pool on startup...
2026-01-26 15:26:12 - ChatBI - INFO - 正在尝试使用 password 认证方式创建连接池...
2026-01-26 15:26:12 - ChatBI - INFO - 使用 password 认证方式数据库连接池初始化成功
2026-01-26 15:26:12 - ChatBI - INFO - Database connection pool initialized successfully
2026-01-26 15:26:16 - ChatBI - INFO - Closing database connection pool on shutdown...
2026-01-26 15:26:16 - ChatBI - INFO - 数据库连接池已成功关闭
2026-01-26 15:26:17 - ChatBI - INFO - Initializing database connection pool on startup...
2026-01-26 15:26:17 - ChatBI - INFO - 正在尝试使用 password 认证方式创建连接池...
2026-01-26 15:26:17 - ChatBI - INFO - 使用 password 认证方式数据库连接池初始化成功
2026-01-26 15:26:17 - ChatBI - INFO - Database connection pool initialized successfully
2026-01-26 15:26:22 - ChatBI - INFO - Closing database connection pool on shutdown...
2026-01-26 15:26:22 - ChatBI - INFO - 数据库连接池已成功关闭
2026-01-26 15:26:23 - ChatBI - INFO - Initializing database connection pool on startup...
2026-01-26 15:26:23 - ChatBI - INFO - 正在尝试使用 password 认证方式创建连接池...
2026-01-26 15:26:23 - ChatBI - INFO - 使用 password 认证方式数据库连接池初始化成功
2026-01-26 15:26:23 - ChatBI - INFO - Database connection pool initialized successfully
2026-01-26 15:26:31 - ChatBI - INFO - Closing database connection pool on shutdown...
2026-01-26 15:26:31 - ChatBI - INFO - 数据库连接池已成功关闭
2026-01-26 15:26:33 - ChatBI - INFO - Initializing database connection pool on startup...
2026-01-26 15:26:33 - ChatBI - INFO - 正在尝试使用 password 认证方式创建连接池...
2026-01-26 15:26:33 - ChatBI - INFO - 使用 password 认证方式数据库连接池初始化成功
2026-01-26 15:26:33 - ChatBI - INFO - Database connection pool initialized successfully
2026-01-26 15:26:55 - ChatBI - INFO - Closing database connection pool on shutdown...
2026-01-26 15:26:55 - ChatBI - INFO - 数据库连接池已成功关闭
2026-01-26 15:26:56 - ChatBI - INFO - Initializing database connection pool on startup...
2026-01-26 15:26:56 - ChatBI - INFO - 正在尝试使用 password 认证方式创建连接池...
2026-01-26 15:26:56 - ChatBI - INFO - 使用 password 认证方式数据库连接池初始化成功
2026-01-26 15:26:56 - ChatBI - INFO - Database connection pool initialized successfully
2026-01-26 15:27:06 - ChatBI - INFO - Closing database connection pool on shutdown...
2026-01-26 15:27:06 - ChatBI - INFO - 数据库连接池已成功关闭
2026-01-26 15:27:08 - ChatBI - INFO - Initializing database connection pool on startup...
2026-01-26 15:27:08 - ChatBI - INFO - 正在尝试使用 password 认证方式创建连接池...
2026-01-26 15:27:08 - ChatBI - INFO - 使用 password 认证方式数据库连接池初始化成功
2026-01-26 15:27:08 - ChatBI - INFO - Database connection pool initialized successfully
2026-01-26 15:27:12 - ChatBI - INFO - Closing database connection pool on shutdown...
2026-01-26 15:27:12 - ChatBI - INFO - 数据库连接池已成功关闭
2026-01-26 15:27:13 - ChatBI - INFO - Initializing database connection pool on startup...
2026-01-26 15:27:13 - ChatBI - INFO - 正在尝试使用 password 认证方式创建连接池...
2026-01-26 15:27:13 - ChatBI - INFO - 使用 password 认证方式数据库连接池初始化成功
2026-01-26 15:27:13 - ChatBI - INFO - Database connection pool initialized successfully
2026-01-26 15:27:22 - ChatBI - INFO - Closing database connection pool on shutdown...
2026-01-26 15:27:22 - ChatBI - INFO - 数据库连接池已成功关闭
2026-01-26 15:27:23 - ChatBI - INFO - Initializing database connection pool on startup...
2026-01-26 15:27:23 - ChatBI - INFO - 正在尝试使用 password 认证方式创建连接池...
2026-01-26 15:27:23 - ChatBI - INFO - 使用 password 认证方式数据库连接池初始化成功
2026-01-26 15:27:23 - ChatBI - INFO - Database connection pool initialized successfully
2026-01-26 15:27:29 - ChatBI - INFO - Closing database connection pool on shutdown...
2026-01-26 15:27:29 - ChatBI - INFO - 数据库连接池已成功关闭
2026-01-26 15:27:30 - ChatBI - INFO - Initializing database connection pool on startup...
2026-01-26 15:27:30 - ChatBI - INFO - 正在尝试使用 password 认证方式创建连接池...
2026-01-26 15:27:30 - ChatBI - INFO - 使用 password 认证方式数据库连接池初始化成功
2026-01-26 15:27:30 - ChatBI - INFO - Database connection pool initialized successfully
2026-01-26 15:27:38 - ChatBI - INFO - Closing database connection pool on shutdown...
2026-01-26 15:27:38 - ChatBI - INFO - 数据库连接池已成功关闭
2026-01-26 15:27:40 - ChatBI - INFO - Initializing database connection pool on startup...
2026-01-26 15:27:40 - ChatBI - INFO - 正在尝试使用 password 认证方式创建连接池...
2026-01-26 15:27:40 - ChatBI - INFO - 使用 password 认证方式数据库连接池初始化成功
2026-01-26 15:27:40 - ChatBI - INFO - Database connection pool initialized successfully
2026-01-26 15:27:45 - ChatBI - INFO - Closing database connection pool on shutdown...
2026-01-26 15:27:45 - ChatBI - INFO - 数据库连接池已成功关闭
2026-01-26 15:27:46 - ChatBI - INFO - Initializing database connection pool on startup...
2026-01-26 15:27:46 - ChatBI - INFO - 正在尝试使用 password 认证方式创建连接池...
2026-01-26 15:27:46 - ChatBI - INFO - 使用 password 认证方式数据库连接池初始化成功
2026-01-26 15:27:46 - ChatBI - INFO - Database connection pool initialized successfully
2026-01-26 15:27:55 - ChatBI - INFO - Closing database connection pool on shutdown...
2026-01-26 15:27:55 - ChatBI - INFO - 数据库连接池已成功关闭
2026-01-26 15:27:57 - ChatBI - INFO - Initializing database connection pool on startup...
2026-01-26 15:27:57 - ChatBI - INFO - 正在尝试使用 password 认证方式创建连接池...
2026-01-26 15:27:57 - ChatBI - INFO - 使用 password 认证方式数据库连接池初始化成功
2026-01-26 15:27:57 - ChatBI - INFO - Database connection pool initialized successfully
2026-01-26 15:28:02 - ChatBI - INFO - Closing database connection pool on shutdown...
2026-01-26 15:28:02 - ChatBI - INFO - 数据库连接池已成功关闭
2026-01-26 15:28:03 - ChatBI - INFO - Initializing database connection pool on startup...
2026-01-26 15:28:03 - ChatBI - INFO - 正在尝试使用 password 认证方式创建连接池...
2026-01-26 15:28:03 - ChatBI - INFO - 使用 password 认证方式数据库连接池初始化成功
2026-01-26 15:28:03 - ChatBI - INFO - Database connection pool initialized successfully
2026-01-26 15:28:10 - ChatBI - INFO - Closing database connection pool on shutdown...
2026-01-26 15:28:10 - ChatBI - INFO - 数据库连接池已成功关闭
2026-01-26 15:28:11 - ChatBI - INFO - Initializing database connection pool on startup...
2026-01-26 15:28:11 - ChatBI - INFO - 正在尝试使用 password 认证方式创建连接池...
2026-01-26 15:28:11 - ChatBI - INFO - 使用 password 认证方式数据库连接池初始化成功
2026-01-26 15:28:11 - ChatBI - INFO - Database connection pool initialized successfully
2026-01-26 15:28:17 - ChatBI - INFO - Closing database connection pool on shutdown...
2026-01-26 15:28:17 - ChatBI - INFO - 数据库连接池已成功关闭
2026-01-26 15:28:18 - ChatBI - INFO - Initializing database connection pool on startup...
2026-01-26 15:28:18 - ChatBI - INFO - 正在尝试使用 password 认证方式创建连接池...
2026-01-26 15:28:18 - ChatBI - INFO - 使用 password 认证方式数据库连接池初始化成功
2026-01-26 15:28:18 - ChatBI - INFO - Database connection pool initialized successfully
2026-01-26 15:28:24 - ChatBI - INFO - Closing database connection pool on shutdown...
2026-01-26 15:28:24 - ChatBI - INFO - 数据库连接池已成功关闭
2026-01-26 15:28:25 - ChatBI - INFO - Initializing database connection pool on startup...
2026-01-26 15:28:25 - ChatBI - INFO - 正在尝试使用 password 认证方式创建连接池...
2026-01-26 15:28:25 - ChatBI - INFO - 使用 password 认证方式数据库连接池初始化成功
2026-01-26 15:28:25 - ChatBI - INFO - Database connection pool initialized successfully
2026-01-26 15:28:32 - ChatBI - INFO - Closing database connection pool on shutdown...
2026-01-26 15:28:32 - ChatBI - INFO - 数据库连接池已成功关闭
2026-01-26 15:28:33 - ChatBI - INFO - Initializing database connection pool on startup...
2026-01-26 15:28:33 - ChatBI - INFO - 正在尝试使用 password 认证方式创建连接池...
2026-01-26 15:28:33 - ChatBI - INFO - 使用 password 认证方式数据库连接池初始化成功
2026-01-26 15:28:33 - ChatBI - INFO - Database connection pool initialized successfully
2026-01-26 15:28:42 - ChatBI - INFO - Closing database connection pool on shutdown...
2026-01-26 15:28:42 - ChatBI - INFO - 数据库连接池已成功关闭
2026-01-26 15:28:44 - ChatBI - INFO - Initializing database connection pool on startup...
2026-01-26 15:28:44 - ChatBI - INFO - 正在尝试使用 password 认证方式创建连接池...
2026-01-26 15:28:44 - ChatBI - INFO - 使用 password 认证方式数据库连接池初始化成功
2026-01-26 15:28:44 - ChatBI - INFO - Database connection pool initialized successfully
2026-01-26 15:29:49 - ChatBI - INFO - Closing database connection pool on shutdown...
2026-01-26 15:29:49 - ChatBI - INFO - 数据库连接池已成功关闭
2026-01-26 15:29:51 - ChatBI - INFO - Initializing database connection pool on startup...
2026-01-26 15:29:51 - ChatBI - INFO - 正在尝试使用 password 认证方式创建连接池...
2026-01-26 15:29:51 - ChatBI - INFO - 使用 password 认证方式数据库连接池初始化成功
2026-01-26 15:29:51 - ChatBI - INFO - Database connection pool initialized successfully
2026-01-26 15:30:28 - ChatBI - INFO - Closing database connection pool on shutdown...
2026-01-26 15:30:28 - ChatBI - INFO - 数据库连接池已成功关闭
2026-01-26 15:30:29 - ChatBI - INFO - Initializing database connection pool on startup...
2026-01-26 15:30:29 - ChatBI - INFO - 正在尝试使用 password 认证方式创建连接池...
2026-01-26 15:30:29 - ChatBI - INFO - 使用 password 认证方式数据库连接池初始化成功
2026-01-26 15:30:29 - ChatBI - INFO - Database connection pool initialized successfully
2026-01-26 15:30:34 - ChatBI - INFO - Closing database connection pool on shutdown...
2026-01-26 15:30:34 - ChatBI - INFO - 数据库连接池已成功关闭
2026-01-26 15:30:36 - ChatBI - INFO - Initializing database connection pool on startup...
2026-01-26 15:30:36 - ChatBI - INFO - 正在尝试使用 password 认证方式创建连接池...
2026-01-26 15:30:36 - ChatBI - INFO - 使用 password 认证方式数据库连接池初始化成功
2026-01-26 15:30:36 - ChatBI - INFO - Database connection pool initialized successfully
2026-01-26 15:31:07 - ChatBI - INFO - Closing database connection pool on shutdown...
2026-01-26 15:31:07 - ChatBI - INFO - 数据库连接池已成功关闭
2026-01-26 15:31:09 - ChatBI - INFO - Initializing database connection pool on startup...
2026-01-26 15:31:09 - ChatBI - INFO - 正在尝试使用 password 认证方式创建连接池...
2026-01-26 15:31:09 - ChatBI - INFO - 使用 password 认证方式数据库连接池初始化成功
2026-01-26 15:31:09 - ChatBI - INFO - Database connection pool initialized successfully
2026-01-26 15:31:35 - ChatBI - INFO - Closing database connection pool on shutdown...
2026-01-26 15:31:35 - ChatBI - INFO - 数据库连接池已成功关闭
2026-01-26 15:31:36 - ChatBI - INFO - Initializing database connection pool on startup...
2026-01-26 15:31:36 - ChatBI - INFO - 正在尝试使用 password 认证方式创建连接池...
2026-01-26 15:31:36 - ChatBI - INFO - 使用 password 认证方式数据库连接池初始化成功
2026-01-26 15:31:36 - ChatBI - INFO - Database connection pool initialized successfully
2026-01-26 15:31:49 - ChatBI - INFO - Closing database connection pool on shutdown...
2026-01-26 15:31:49 - ChatBI - INFO - 数据库连接池已成功关闭
2026-01-26 15:31:50 - ChatBI - INFO - Initializing database connection pool on startup...
2026-01-26 15:31:50 - ChatBI - INFO - 正在尝试使用 password 认证方式创建连接池...
2026-01-26 15:31:50 - ChatBI - INFO - 使用 password 认证方式数据库连接池初始化成功
2026-01-26 15:31:50 - ChatBI - INFO - Database connection pool initialized successfully
2026-01-26 15:31:51 - ChatBI - INFO - Closing database connection pool on shutdown...
2026-01-26 15:31:51 - ChatBI - INFO - 数据库连接池已成功关闭
2026-01-26 15:31:53 - ChatBI - INFO - Initializing database connection pool on startup...
2026-01-26 15:31:53 - ChatBI - INFO - 正在尝试使用 password 认证方式创建连接池...
2026-01-26 15:31:53 - ChatBI - INFO - 使用 password 认证方式数据库连接池初始化成功
2026-01-26 15:31:53 - ChatBI - INFO - Database connection pool initialized successfully
2026-01-26 15:32:21 - ChatBI - INFO - Closing database connection pool on shutdown...
2026-01-26 15:32:21 - ChatBI - INFO - 数据库连接池已成功关闭
2026-01-26 15:32:23 - ChatBI - INFO - Initializing database connection pool on startup...
2026-01-26 15:32:23 - ChatBI - INFO - 正在尝试使用 password 认证方式创建连接池...
2026-01-26 15:32:23 - ChatBI - INFO - 使用 password 认证方式数据库连接池初始化成功
2026-01-26 15:32:23 - ChatBI - INFO - Database connection pool initialized successfully
2026-01-26 15:32:29 - ChatBI - INFO - Closing database connection pool on shutdown...
2026-01-26 15:32:29 - ChatBI - INFO - 数据库连接池已成功关闭
2026-01-26 15:32:30 - ChatBI - INFO - Initializing database connection pool on startup...
2026-01-26 15:32:30 - ChatBI - INFO - 正在尝试使用 password 认证方式创建连接池...
2026-01-26 15:32:30 - ChatBI - INFO - 使用 password 认证方式数据库连接池初始化成功
2026-01-26 15:32:30 - ChatBI - INFO - Database connection pool initialized successfully
2026-01-26 15:32:58 - ChatBI - INFO - Closing database connection pool on shutdown...
2026-01-26 15:32:59 - ChatBI - INFO - 数据库连接池已成功关闭
2026-01-26 15:33:00 - ChatBI - INFO - Initializing database connection pool on startup...
2026-01-26 15:33:00 - ChatBI - INFO - 正在尝试使用 password 认证方式创建连接池...
2026-01-26 15:33:00 - ChatBI - INFO - 使用 password 认证方式数据库连接池初始化成功
2026-01-26 15:33:00 - ChatBI - INFO - Database connection pool initialized successfully
2026-01-26 15:33:08 - ChatBI - INFO - Closing database connection pool on shutdown...
2026-01-26 15:33:08 - ChatBI - INFO - 数据库连接池已成功关闭
2026-01-26 15:33:10 - ChatBI - INFO - Initializing database connection pool on startup...
2026-01-26 15:33:10 - ChatBI - INFO - 正在尝试使用 password 认证方式创建连接池...
2026-01-26 15:33:10 - ChatBI - INFO - 使用 password 认证方式数据库连接池初始化成功
2026-01-26 15:33:10 - ChatBI - INFO - Database connection pool initialized successfully
2026-01-26 15:33:20 - ChatBI - INFO - Closing database connection pool on shutdown...
2026-01-26 15:33:20 - ChatBI - INFO - 数据库连接池已成功关闭
2026-01-26 15:33:22 - ChatBI - INFO - Initializing database connection pool on startup...
2026-01-26 15:33:22 - ChatBI - INFO - 正在尝试使用 password 认证方式创建连接池...
2026-01-26 15:33:22 - ChatBI - INFO - 使用 password 认证方式数据库连接池初始化成功
2026-01-26 15:33:22 - ChatBI - INFO - Database connection pool initialized successfully
2026-01-26 15:33:24 - ChatBI - INFO - Closing database connection pool on shutdown...
2026-01-26 15:33:24 - ChatBI - INFO - 数据库连接池已成功关闭
2026-01-26 15:33:25 - ChatBI - INFO - Initializing database connection pool on startup...
2026-01-26 15:33:25 - ChatBI - INFO - 正在尝试使用 password 认证方式创建连接池...
2026-01-26 15:33:25 - ChatBI - INFO - 使用 password 认证方式数据库连接池初始化成功
2026-01-26 15:33:25 - ChatBI - INFO - Database connection pool initialized successfully
2026-01-26 15:33:31 - ChatBI - INFO - Closing database connection pool on shutdown...
2026-01-26 15:33:31 - ChatBI - INFO - 数据库连接池已成功关闭
2026-01-26 15:33:32 - ChatBI - INFO - Initializing database connection pool on startup...
2026-01-26 15:33:32 - ChatBI - INFO - 正在尝试使用 password 认证方式创建连接池...
2026-01-26 15:33:32 - ChatBI - INFO - 使用 password 认证方式数据库连接池初始化成功
2026-01-26 15:33:32 - ChatBI - INFO - Database connection pool initialized successfully
2026-01-26 15:33:37 - ChatBI - INFO - Closing database connection pool on shutdown...
2026-01-26 15:33:37 - ChatBI - INFO - 数据库连接池已成功关闭
2026-01-26 15:33:38 - ChatBI - INFO - Initializing database connection pool on startup...
2026-01-26 15:33:38 - ChatBI - INFO - 正在尝试使用 password 认证方式创建连接池...
2026-01-26 15:33:38 - ChatBI - INFO - 使用 password 认证方式数据库连接池初始化成功
2026-01-26 15:33:38 - ChatBI - INFO - Database connection pool initialized successfully
2026-01-26 15:33:44 - ChatBI - INFO - Closing database connection pool on shutdown...
2026-01-26 15:33:44 - ChatBI - INFO - 数据库连接池已成功关闭
2026-01-26 15:33:45 - ChatBI - INFO - Initializing database connection pool on startup...
2026-01-26 15:33:45 - ChatBI - INFO - 正在尝试使用 password 认证方式创建连接池...
2026-01-26 15:33:46 - ChatBI - INFO - 使用 password 认证方式数据库连接池初始化成功
2026-01-26 15:33:46 - ChatBI - INFO - Database connection pool initialized successfully
2026-01-26 15:33:48 - ChatBI - INFO - Closing database connection pool on shutdown...
2026-01-26 15:33:48 - ChatBI - INFO - 数据库连接池已成功关闭
2026-01-26 15:33:49 - ChatBI - INFO - Initializing database connection pool on startup...
2026-01-26 15:33:49 - ChatBI - INFO - 正在尝试使用 password 认证方式创建连接池...
2026-01-26 15:33:49 - ChatBI - INFO - 使用 password 认证方式数据库连接池初始化成功
2026-01-26 15:33:49 - ChatBI - INFO - Database connection pool initialized successfully
2026-01-26 15:33:56 - ChatBI - INFO - Closing database connection pool on shutdown...
2026-01-26 15:33:56 - ChatBI - INFO - 数据库连接池已成功关闭
2026-01-26 15:33:57 - ChatBI - INFO - Initializing database connection pool on startup...
2026-01-26 15:33:57 - ChatBI - INFO - 正在尝试使用 password 认证方式创建连接池...
2026-01-26 15:33:57 - ChatBI - INFO - 使用 password 认证方式数据库连接池初始化成功
2026-01-26 15:33:57 - ChatBI - INFO - Database connection pool initialized successfully
2026-01-26 15:34:25 - ChatBI - INFO - Closing database connection pool on shutdown...
2026-01-26 15:34:25 - ChatBI - INFO - 数据库连接池已成功关闭
2026-01-26 15:34:26 - ChatBI - INFO - Initializing database connection pool on startup...
2026-01-26 15:34:26 - ChatBI - INFO - 正在尝试使用 password 认证方式创建连接池...
2026-01-26 15:34:26 - ChatBI - INFO - 使用 password 认证方式数据库连接池初始化成功
2026-01-26 15:34:26 - ChatBI - INFO - Database connection pool initialized successfully
2026-01-26 15:35:01 - ChatBI - INFO - Closing database connection pool on shutdown...
2026-01-26 15:35:01 - ChatBI - INFO - 数据库连接池已成功关闭
2026-01-26 15:35:02 - ChatBI - INFO - Initializing database connection pool on startup...
2026-01-26 15:35:02 - ChatBI - INFO - 正在尝试使用 password 认证方式创建连接池...
2026-01-26 15:35:02 - ChatBI - INFO - 使用 password 认证方式数据库连接池初始化成功
2026-01-26 15:35:02 - ChatBI - INFO - Database connection pool initialized successfully
2026-01-26 15:35:04 - ChatBI - INFO - Closing database connection pool on shutdown...
2026-01-26 15:35:04 - ChatBI - INFO - 数据库连接池已成功关闭
2026-01-26 15:35:06 - ChatBI - INFO - Initializing database connection pool on startup...
2026-01-26 15:35:06 - ChatBI - INFO - 正在尝试使用 password 认证方式创建连接池...
2026-01-26 15:35:06 - ChatBI - INFO - 使用 password 认证方式数据库连接池初始化成功
2026-01-26 15:35:06 - ChatBI - INFO - Database connection pool initialized successfully
2026-01-26 15:35:12 - ChatBI - INFO - Closing database connection pool on shutdown...
2026-01-26 15:35:12 - ChatBI - INFO - 数据库连接池已成功关闭
2026-01-26 15:35:13 - ChatBI - INFO - Initializing database connection pool on startup...
2026-01-26 15:35:13 - ChatBI - INFO - 正在尝试使用 password 认证方式创建连接池...
2026-01-26 15:35:13 - ChatBI - INFO - 使用 password 认证方式数据库连接池初始化成功
2026-01-26 15:35:13 - ChatBI - INFO - Database connection pool initialized successfully
2026-01-26 15:35:44 - ChatBI - INFO - Closing database connection pool on shutdown...
2026-01-26 15:35:44 - ChatBI - INFO - 数据库连接池已成功关闭
2026-01-26 15:35:46 - ChatBI - INFO - Initializing database connection pool on startup...
2026-01-26 15:35:46 - ChatBI - INFO - 正在尝试使用 password 认证方式创建连接池...
2026-01-26 15:35:46 - ChatBI - INFO - 使用 password 认证方式数据库连接池初始化成功
2026-01-26 15:35:46 - ChatBI - INFO - Database connection pool initialized successfully
2026-01-26 15:36:04 - ChatBI - INFO - Closing database connection pool on shutdown...
2026-01-26 15:36:04 - ChatBI - INFO - 数据库连接池已成功关闭
2026-01-26 15:36:06 - ChatBI - INFO - Initializing database connection pool on startup...
2026-01-26 15:36:06 - ChatBI - INFO - 正在尝试使用 password 认证方式创建连接池...
2026-01-26 15:36:06 - ChatBI - INFO - 使用 password 认证方式数据库连接池初始化成功
2026-01-26 15:36:06 - ChatBI - INFO - Database connection pool initialized successfully
2026-01-26 15:36:14 - ChatBI - INFO - Closing database connection pool on shutdown...
2026-01-26 15:36:14 - ChatBI - INFO - 数据库连接池已成功关闭
2026-01-26 15:36:15 - ChatBI - INFO - Initializing database connection pool on startup...
2026-01-26 15:36:15 - ChatBI - INFO - 正在尝试使用 password 认证方式创建连接池...
2026-01-26 15:36:15 - ChatBI - INFO - 使用 password 认证方式数据库连接池初始化成功
2026-01-26 15:36:15 - ChatBI - INFO - Database connection pool initialized successfully
2026-01-26 15:36:20 - ChatBI - INFO - Closing database connection pool on shutdown...
2026-01-26 15:36:20 - ChatBI - INFO - 数据库连接池已成功关闭
2026-01-26 15:36:21 - ChatBI - INFO - Initializing database connection pool on startup...
2026-01-26 15:36:21 - ChatBI - INFO - 正在尝试使用 password 认证方式创建连接池...
2026-01-26 15:36:21 - ChatBI - INFO - 使用 password 认证方式数据库连接池初始化成功
2026-01-26 15:36:21 - ChatBI - INFO - Database connection pool initialized successfully
2026-01-26 15:36:27 - ChatBI - INFO - Closing database connection pool on shutdown...
2026-01-26 15:36:27 - ChatBI - INFO - 数据库连接池已成功关闭
2026-01-26 15:36:29 - ChatBI - INFO - Initializing database connection pool on startup...
2026-01-26 15:36:29 - ChatBI - INFO - 正在尝试使用 password 认证方式创建连接池...
2026-01-26 15:36:29 - ChatBI - INFO - 使用 password 认证方式数据库连接池初始化成功
2026-01-26 15:36:29 - ChatBI - INFO - Database connection pool initialized successfully
2026-01-26 15:37:15 - ChatBI - INFO - Closing database connection pool on shutdown...
2026-01-26 15:37:15 - ChatBI - INFO - 数据库连接池已成功关闭
2026-01-26 15:37:16 - ChatBI - INFO - Initializing database connection pool on startup...
2026-01-26 15:37:16 - ChatBI - INFO - 正在尝试使用 password 认证方式创建连接池...
2026-01-26 15:37:16 - ChatBI - INFO - 使用 password 认证方式数据库连接池初始化成功
2026-01-26 15:37:16 - ChatBI - INFO - Database connection pool initialized successfully
2026-01-26 15:37:25 - ChatBI - INFO - Closing database connection pool on shutdown...
2026-01-26 15:37:25 - ChatBI - INFO - 数据库连接池已成功关闭
2026-01-26 15:37:26 - ChatBI - INFO - Initializing database connection pool on startup...
2026-01-26 15:37:26 - ChatBI - INFO - 正在尝试使用 password 认证方式创建连接池...
2026-01-26 15:37:26 - ChatBI - INFO - 使用 password 认证方式数据库连接池初始化成功
2026-01-26 15:37:26 - ChatBI - INFO - Database connection pool initialized successfully
2026-01-26 15:37:43 - ChatBI - INFO - Closing database connection pool on shutdown...
2026-01-26 15:37:43 - ChatBI - INFO - 数据库连接池已成功关闭
2026-01-26 15:37:44 - ChatBI - INFO - Initializing database connection pool on startup...
2026-01-26 15:37:44 - ChatBI - INFO - 正在尝试使用 password 认证方式创建连接池...
2026-01-26 15:37:44 - ChatBI - INFO - 使用 password 认证方式数据库连接池初始化成功
2026-01-26 15:37:44 - ChatBI - INFO - Database connection pool initialized successfully
2026-01-26 15:37:52 - ChatBI - INFO - Closing database connection pool on shutdown...
2026-01-26 15:37:52 - ChatBI - INFO - 数据库连接池已成功关闭
2026-01-26 15:37:53 - ChatBI - INFO - Initializing database connection pool on startup...
2026-01-26 15:37:53 - ChatBI - INFO - 正在尝试使用 password 认证方式创建连接池...
2026-01-26 15:37:53 - ChatBI - INFO - 使用 password 认证方式数据库连接池初始化成功
2026-01-26 15:37:53 - ChatBI - INFO - Database connection pool initialized successfully
2026-01-26 15:38:01 - ChatBI - INFO - Closing database connection pool on shutdown...
2026-01-26 15:38:01 - ChatBI - INFO - 数据库连接池已成功关闭
2026-01-26 15:38:03 - ChatBI - INFO - Initializing database connection pool on startup...
2026-01-26 15:38:03 - ChatBI - INFO - 正在尝试使用 password 认证方式创建连接池...
2026-01-26 15:38:03 - ChatBI - INFO - 使用 password 认证方式数据库连接池初始化成功
2026-01-26 15:38:03 - ChatBI - INFO - Database connection pool initialized successfully
2026-01-26 15:38:12 - ChatBI - INFO - Closing database connection pool on shutdown...
2026-01-26 15:38:12 - ChatBI - INFO - 数据库连接池已成功关闭
2026-01-26 15:38:13 - ChatBI - INFO - Initializing database connection pool on startup...
2026-01-26 15:38:13 - ChatBI - INFO - 正在尝试使用 password 认证方式创建连接池...
2026-01-26 15:38:13 - ChatBI - INFO - 使用 password 认证方式数据库连接池初始化成功
2026-01-26 15:38:13 - ChatBI - INFO - Database connection pool initialized successfully
2026-01-26 15:38:43 - ChatBI - INFO - Closing database connection pool on shutdown...
2026-01-26 15:38:43 - ChatBI - INFO - 数据库连接池已成功关闭
2026-01-26 15:38:45 - ChatBI - INFO - Initializing database connection pool on startup...
2026-01-26 15:38:45 - ChatBI - INFO - 正在尝试使用 password 认证方式创建连接池...
2026-01-26 15:38:45 - ChatBI - INFO - 使用 password 认证方式数据库连接池初始化成功
2026-01-26 15:38:45 - ChatBI - INFO - Database connection pool initialized successfully
2026-01-26 15:39:03 - ChatBI - INFO - Closing database connection pool on shutdown...
2026-01-26 15:39:03 - ChatBI - INFO - 数据库连接池已成功关闭
2026-01-26 15:39:04 - ChatBI - INFO - Initializing database connection pool on startup...
2026-01-26 15:39:04 - ChatBI - INFO - 正在尝试使用 password 认证方式创建连接池...
2026-01-26 15:39:04 - ChatBI - INFO - 使用 password 认证方式数据库连接池初始化成功
2026-01-26 15:39:04 - ChatBI - INFO - Database connection pool initialized successfully
2026-01-26 15:39:50 - ChatBI - INFO - Closing database connection pool on shutdown...
2026-01-26 15:39:50 - ChatBI - INFO - 数据库连接池已成功关闭
2026-01-26 15:39:51 - ChatBI - INFO - Initializing database connection pool on startup...
2026-01-26 15:39:51 - ChatBI - INFO - 正在尝试使用 password 认证方式创建连接池...
2026-01-26 15:39:51 - ChatBI - INFO - 使用 password 认证方式数据库连接池初始化成功
2026-01-26 15:39:51 - ChatBI - INFO - Database connection pool initialized successfully
2026-01-26 15:40:21 - ChatBI - INFO - Closing database connection pool on shutdown...
2026-01-26 15:40:21 - ChatBI - INFO - 数据库连接池已成功关闭
2026-01-26 15:40:23 - ChatBI - INFO - Initializing database connection pool on startup...
2026-01-26 15:40:23 - ChatBI - INFO - 正在尝试使用 password 认证方式创建连接池...
2026-01-26 15:40:23 - ChatBI - INFO - 使用 password 认证方式数据库连接池初始化成功
2026-01-26 15:40:23 - ChatBI - INFO - Database connection pool initialized successfully
2026-01-26 15:40:38 - ChatBI - INFO - Closing database connection pool on shutdown...
2026-01-26 15:40:38 - ChatBI - INFO - 数据库连接池已成功关闭
2026-01-26 15:40:39 - ChatBI - INFO - Initializing database connection pool on startup...
2026-01-26 15:40:39 - ChatBI - INFO - 正在尝试使用 password 认证方式创建连接池...
2026-01-26 15:40:39 - ChatBI - INFO - 使用 password 认证方式数据库连接池初始化成功
2026-01-26 15:40:39 - ChatBI - INFO - Database connection pool initialized successfully
2026-01-26 15:40:46 - ChatBI - INFO - Closing database connection pool on shutdown...
2026-01-26 15:40:46 - ChatBI - INFO - 数据库连接池已成功关闭
2026-01-26 15:40:48 - ChatBI - INFO - Initializing database connection pool on startup...
2026-01-26 15:40:48 - ChatBI - INFO - 正在尝试使用 password 认证方式创建连接池...
2026-01-26 15:40:48 - ChatBI - INFO - 使用 password 认证方式数据库连接池初始化成功
2026-01-26 15:40:48 - ChatBI - INFO - Database connection pool initialized successfully
2026-01-26 15:40:56 - ChatBI - INFO - Closing database connection pool on shutdown...
2026-01-26 15:40:56 - ChatBI - INFO - 数据库连接池已成功关闭
2026-01-26 15:40:58 - ChatBI - INFO - Initializing database connection pool on startup...
2026-01-26 15:40:58 - ChatBI - INFO - 正在尝试使用 password 认证方式创建连接池...
2026-01-26 15:40:58 - ChatBI - INFO - 使用 password 认证方式数据库连接池初始化成功
2026-01-26 15:40:58 - ChatBI - INFO - Database connection pool initialized successfully
2026-01-26 15:41:05 - ChatBI - INFO - Closing database connection pool on shutdown...
2026-01-26 15:41:05 - ChatBI - INFO - 数据库连接池已成功关闭
2026-01-26 15:41:07 - ChatBI - INFO - Initializing database connection pool on startup...
2026-01-26 15:41:07 - ChatBI - INFO - 正在尝试使用 password 认证方式创建连接池...
2026-01-26 15:41:07 - ChatBI - INFO - 使用 password 认证方式数据库连接池初始化成功
2026-01-26 15:41:07 - ChatBI - INFO - Database connection pool initialized successfully
2026-01-26 15:41:20 - ChatBI - INFO - Closing database connection pool on shutdown...
2026-01-26 15:41:20 - ChatBI - INFO - 数据库连接池已成功关闭
2026-01-26 15:41:21 - ChatBI - INFO - Initializing database connection pool on startup...
2026-01-26 15:41:21 - ChatBI - INFO - 正在尝试使用 password 认证方式创建连接池...
2026-01-26 15:41:22 - ChatBI - INFO - 使用 password 认证方式数据库连接池初始化成功
2026-01-26 15:41:22 - ChatBI - INFO - Database connection pool initialized successfully
2026-01-26 15:42:08 - ChatBI - INFO - Closing database connection pool on shutdown...
2026-01-26 15:42:08 - ChatBI - INFO - 数据库连接池已成功关闭
2026-01-26 15:42:09 - ChatBI - INFO - Initializing database connection pool on startup...
2026-01-26 15:42:09 - ChatBI - INFO - 正在尝试使用 password 认证方式创建连接池...
2026-01-26 15:42:09 - ChatBI - INFO - 使用 password 认证方式数据库连接池初始化成功
2026-01-26 15:42:09 - ChatBI - INFO - Database connection pool initialized successfully
2026-01-26 15:42:24 - ChatBI - INFO - Closing database connection pool on shutdown...
2026-01-26 15:42:24 - ChatBI - INFO - 数据库连接池已成功关闭
2026-01-26 15:42:25 - ChatBI - INFO - Initializing database connection pool on startup...
2026-01-26 15:42:25 - ChatBI - INFO - 正在尝试使用 password 认证方式创建连接池...
2026-01-26 15:42:25 - ChatBI - INFO - 使用 password 认证方式数据库连接池初始化成功
2026-01-26 15:42:25 - ChatBI - INFO - Database connection pool initialized successfully
2026-01-26 15:42:49 - ChatBI - INFO - Closing database connection pool on shutdown...
2026-01-26 15:42:49 - ChatBI - INFO - 数据库连接池已成功关闭
2026-01-26 15:42:50 - ChatBI - INFO - Initializing database connection pool on startup...
2026-01-26 15:42:50 - ChatBI - INFO - 正在尝试使用 password 认证方式创建连接池...
2026-01-26 15:42:50 - ChatBI - INFO - 使用 password 认证方式数据库连接池初始化成功
2026-01-26 15:42:50 - ChatBI - INFO - Database connection pool initialized successfully
2026-01-26 15:43:13 - ChatBI - INFO - Closing database connection pool on shutdown...
2026-01-26 15:43:13 - ChatBI - INFO - 数据库连接池已成功关闭
2026-01-26 15:43:15 - ChatBI - INFO - Initializing database connection pool on startup...
2026-01-26 15:43:15 - ChatBI - INFO - 正在尝试使用 password 认证方式创建连接池...
2026-01-26 15:43:15 - ChatBI - INFO - 使用 password 认证方式数据库连接池初始化成功
2026-01-26 15:43:15 - ChatBI - INFO - Database connection pool initialized successfully
2026-01-26 15:43:38 - ChatBI - INFO - Closing database connection pool on shutdown...
2026-01-26 15:43:38 - ChatBI - INFO - 数据库连接池已成功关闭
2026-01-26 15:43:40 - ChatBI - INFO - Initializing database connection pool on startup...
2026-01-26 15:43:40 - ChatBI - INFO - 正在尝试使用 password 认证方式创建连接池...
2026-01-26 15:43:40 - ChatBI - INFO - 使用 password 认证方式数据库连接池初始化成功
2026-01-26 15:43:40 - ChatBI - INFO - Database connection pool initialized successfully
2026-01-26 15:45:45 - ChatBI - INFO - Closing database connection pool on shutdown...
2026-01-26 15:45:45 - ChatBI - INFO - 数据库连接池已成功关闭
2026-01-26 15:45:47 - ChatBI - INFO - Initializing database connection pool on startup...
2026-01-26 15:45:47 - ChatBI - INFO - 正在尝试使用 password 认证方式创建连接池...
2026-01-26 15:45:47 - ChatBI - INFO - 使用 password 认证方式数据库连接池初始化成功
2026-01-26 15:45:47 - ChatBI - INFO - Database connection pool initialized successfully
2026-01-26 15:48:46 - ChatBI - INFO - Closing database connection pool on shutdown...
2026-01-26 15:48:46 - ChatBI - INFO - 数据库连接池已成功关闭
2026-01-26 15:48:48 - ChatBI - INFO - Initializing database connection pool on startup...
2026-01-26 15:48:48 - ChatBI - INFO - 正在尝试使用 password 认证方式创建连接池...
2026-01-26 15:48:48 - ChatBI - INFO - 使用 password 认证方式数据库连接池初始化成功
2026-01-26 15:48:48 - ChatBI - INFO - Database connection pool initialized successfully
2026-01-26 15:49:46 - ChatBI - INFO - Closing database connection pool on shutdown...
2026-01-26 15:49:46 - ChatBI - INFO - 数据库连接池已成功关闭
2026-01-26 15:49:47 - ChatBI - INFO - Initializing database connection pool on startup...
2026-01-26 15:49:47 - ChatBI - INFO - 正在尝试使用 password 认证方式创建连接池...
2026-01-26 15:49:47 - ChatBI - INFO - 使用 password 认证方式数据库连接池初始化成功
2026-01-26 15:49:47 - ChatBI - INFO - Database connection pool initialized successfully
2026-01-26 15:51:07 - ChatBI - INFO - Closing database connection pool on shutdown...
2026-01-26 15:51:07 - ChatBI - INFO - 数据库连接池已成功关闭
2026-01-26 15:51:08 - ChatBI - INFO - Initializing database connection pool on startup...
2026-01-26 15:51:08 - ChatBI - INFO - 正在尝试使用 password 认证方式创建连接池...
2026-01-26 15:51:08 - ChatBI - INFO - 使用 password 认证方式数据库连接池初始化成功
2026-01-26 15:51:08 - ChatBI - INFO - Database connection pool initialized successfully
2026-01-26 15:52:16 - ChatBI - INFO - Closing database connection pool on shutdown...
2026-01-26 15:52:16 - ChatBI - INFO - 数据库连接池已成功关闭
2026-01-26 15:52:18 - ChatBI - INFO - Initializing database connection pool on startup...
2026-01-26 15:52:18 - ChatBI - INFO - 正在尝试使用 password 认证方式创建连接池...
2026-01-26 15:52:18 - ChatBI - INFO - 使用 password 认证方式数据库连接池初始化成功
2026-01-26 15:52:18 - ChatBI - INFO - Database connection pool initialized successfully
2026-01-26 15:52:54 - ChatBI - INFO - Closing database connection pool on shutdown...
2026-01-26 15:52:54 - ChatBI - INFO - 数据库连接池已成功关闭
2026-01-26 15:52:55 - ChatBI - INFO - Initializing database connection pool on startup...
2026-01-26 15:52:55 - ChatBI - INFO - 正在尝试使用 password 认证方式创建连接池...
2026-01-26 15:52:55 - ChatBI - INFO - 使用 password 认证方式数据库连接池初始化成功
2026-01-26 15:52:55 - ChatBI - INFO - Database connection pool initialized successfully
2026-01-26 15:55:53 - ChatBI - INFO - Closing database connection pool on shutdown...
2026-01-26 15:55:53 - ChatBI - INFO - 数据库连接池已成功关闭
2026-01-26 15:55:54 - ChatBI - INFO - Initializing database connection pool on startup...
2026-01-26 15:55:54 - ChatBI - INFO - 正在尝试使用 password 认证方式创建连接池...
2026-01-26 15:55:54 - ChatBI - INFO - 使用 password 认证方式数据库连接池初始化成功
2026-01-26 15:55:54 - ChatBI - INFO - Database connection pool initialized successfully
2026-01-26 15:56:39 - ChatBI - INFO - Closing database connection pool on shutdown...
2026-01-26 15:56:39 - ChatBI - INFO - 数据库连接池已成功关闭
2026-01-26 15:56:40 - ChatBI - INFO - Initializing database connection pool on startup...
2026-01-26 15:56:40 - ChatBI - INFO - 正在尝试使用 password 认证方式创建连接池...
2026-01-26 15:56:40 - ChatBI - INFO - 使用 password 认证方式数据库连接池初始化成功
2026-01-26 15:56:40 - ChatBI - INFO - Database connection pool initialized successfully
2026-01-26 15:57:26 - ChatBI - INFO - Closing database connection pool on shutdown...
2026-01-26 15:57:26 - ChatBI - INFO - 数据库连接池已成功关闭
2026-01-26 15:57:28 - ChatBI - INFO - Initializing database connection pool on startup...
2026-01-26 15:57:28 - ChatBI - INFO - 正在尝试使用 password 认证方式创建连接池...
2026-01-26 15:57:28 - ChatBI - INFO - 使用 password 认证方式数据库连接池初始化成功
2026-01-26 15:57:28 - ChatBI - INFO - Database connection pool initialized successfully
2026-01-26 15:59:28 - ChatBI - INFO - Closing database connection pool on shutdown...
2026-01-26 15:59:28 - ChatBI - INFO - 数据库连接池已成功关闭
2026-01-26 15:59:32 - ChatBI - INFO - Initializing database connection pool on startup...
2026-01-26 15:59:32 - ChatBI - INFO - 正在尝试使用 password 认证方式创建连接池...
2026-01-26 15:59:32 - ChatBI - INFO - 使用 password 认证方式数据库连接池初始化成功
2026-01-26 15:59:32 - ChatBI - INFO - Database connection pool initialized successfully
2026-01-26 16:04:04 - ChatBI - INFO - Closing database connection pool on shutdown...
2026-01-26 16:04:04 - ChatBI - INFO - 数据库连接池已成功关闭
2026-01-26 16:04:06 - ChatBI - INFO - Initializing database connection pool on startup...
2026-01-26 16:04:06 - ChatBI - INFO - 正在尝试使用 password 认证方式创建连接池...
2026-01-26 16:04:06 - ChatBI - INFO - 使用 password 认证方式数据库连接池初始化成功
2026-01-26 16:04:06 - ChatBI - INFO - Database connection pool initialized successfully
2026-01-26 16:04:50 - ChatBI - INFO - Closing database connection pool on shutdown...
2026-01-26 16:04:50 - ChatBI - INFO - 数据库连接池已成功关闭
2026-01-26 16:04:52 - ChatBI - INFO - Initializing database connection pool on startup...
2026-01-26 16:04:52 - ChatBI - INFO - 正在尝试使用 password 认证方式创建连接池...
2026-01-26 16:04:52 - ChatBI - INFO - 使用 password 认证方式数据库连接池初始化成功
2026-01-26 16:04:52 - ChatBI - INFO - Database connection pool initialized successfully
2026-01-26 16:06:52 - ChatBI - INFO - Closing database connection pool on shutdown...
2026-01-26 16:06:52 - ChatBI - INFO - 数据库连接池已成功关闭
2026-01-26 16:06:54 - ChatBI - INFO - Initializing database connection pool on startup...
2026-01-26 16:06:54 - ChatBI - INFO - 正在尝试使用 password 认证方式创建连接池...
2026-01-26 16:06:54 - ChatBI - INFO - 使用 password 认证方式数据库连接池初始化成功
2026-01-26 16:06:54 - ChatBI - INFO - Database connection pool initialized successfully
2026-01-26 16:06:57 - ChatBI - INFO - Closing database connection pool on shutdown...
2026-01-26 16:06:57 - ChatBI - INFO - 数据库连接池已成功关闭
2026-01-26 16:07:00 - ChatBI - INFO - Initializing database connection pool on startup...
2026-01-26 16:07:00 - ChatBI - INFO - 正在尝试使用 password 认证方式创建连接池...
2026-01-26 16:07:00 - ChatBI - INFO - 使用 password 认证方式数据库连接池初始化成功
2026-01-26 16:07:00 - ChatBI - INFO - Database connection pool initialized successfully
2026-01-26 16:07:09 - ChatBI - INFO - Closing database connection pool on shutdown...
2026-01-26 16:07:09 - ChatBI - INFO - 数据库连接池已成功关闭
2026-01-26 16:07:11 - ChatBI - INFO - Initializing database connection pool on startup...
2026-01-26 16:07:11 - ChatBI - INFO - 正在尝试使用 password 认证方式创建连接池...
2026-01-26 16:07:11 - ChatBI - INFO - 使用 password 认证方式数据库连接池初始化成功
2026-01-26 16:07:11 - ChatBI - INFO - Database connection pool initialized successfully
2026-01-26 16:07:13 - ChatBI - INFO - Closing database connection pool on shutdown...
2026-01-26 16:07:13 - ChatBI - INFO - 数据库连接池已成功关闭
2026-01-26 16:07:14 - ChatBI - INFO - Initializing database connection pool on startup...
2026-01-26 16:07:14 - ChatBI - INFO - 正在尝试使用 password 认证方式创建连接池...
2026-01-26 16:07:14 - ChatBI - INFO - 使用 password 认证方式数据库连接池初始化成功
2026-01-26 16:07:14 - ChatBI - INFO - Database connection pool initialized successfully
2026-01-26 16:07:42 - ChatBI - INFO - Closing database connection pool on shutdown...
2026-01-26 16:07:42 - ChatBI - INFO - 数据库连接池已成功关闭
2026-01-26 16:07:43 - ChatBI - INFO - Initializing database connection pool on startup...
2026-01-26 16:07:43 - ChatBI - INFO - 正在尝试使用 password 认证方式创建连接池...
2026-01-26 16:07:43 - ChatBI - INFO - 使用 password 认证方式数据库连接池初始化成功
2026-01-26 16:07:43 - ChatBI - INFO - Database connection pool initialized successfully
2026-01-26 16:07:47 - ChatBI - INFO - Closing database connection pool on shutdown...
2026-01-26 16:07:47 - ChatBI - INFO - 数据库连接池已成功关闭
2026-01-26 16:07:48 - ChatBI - INFO - Initializing database connection pool on startup...
2026-01-26 16:07:48 - ChatBI - INFO - 正在尝试使用 password 认证方式创建连接池...
2026-01-26 16:07:48 - ChatBI - INFO - 使用 password 认证方式数据库连接池初始化成功
2026-01-26 16:07:48 - ChatBI - INFO - Database connection pool initialized successfully
2026-01-26 16:07:50 - ChatBI - INFO - Closing database connection pool on shutdown...
2026-01-26 16:07:50 - ChatBI - INFO - 数据库连接池已成功关闭
2026-01-26 16:07:52 - ChatBI - INFO - Initializing database connection pool on startup...
2026-01-26 16:07:52 - ChatBI - INFO - 正在尝试使用 password 认证方式创建连接池...
2026-01-26 16:07:52 - ChatBI - INFO - 使用 password 认证方式数据库连接池初始化成功
2026-01-26 16:07:52 - ChatBI - INFO - Database connection pool initialized successfully
2026-01-26 16:07:55 - ChatBI - INFO - Closing database connection pool on shutdown...
2026-01-26 16:07:55 - ChatBI - INFO - 数据库连接池已成功关闭
2026-01-26 16:07:56 - ChatBI - INFO - Initializing database connection pool on startup...
2026-01-26 16:07:56 - ChatBI - INFO - 正在尝试使用 password 认证方式创建连接池...
2026-01-26 16:07:56 - ChatBI - INFO - 使用 password 认证方式数据库连接池初始化成功
2026-01-26 16:07:56 - ChatBI - INFO - Database connection pool initialized successfully
2026-01-26 16:08:06 - ChatBI - INFO - Closing database connection pool on shutdown...
2026-01-26 16:08:06 - ChatBI - INFO - 数据库连接池已成功关闭
2026-01-26 16:08:07 - ChatBI - INFO - Initializing database connection pool on startup...
2026-01-26 16:08:07 - ChatBI - INFO - 正在尝试使用 password 认证方式创建连接池...
2026-01-26 16:08:07 - ChatBI - INFO - 使用 password 认证方式数据库连接池初始化成功
2026-01-26 16:08:07 - ChatBI - INFO - Database connection pool initialized successfully
2026-01-26 16:08:16 - ChatBI - INFO - Closing database connection pool on shutdown...
2026-01-26 16:08:16 - ChatBI - INFO - 数据库连接池已成功关闭
2026-01-26 16:08:17 - ChatBI - INFO - Initializing database connection pool on startup...
2026-01-26 16:08:17 - ChatBI - INFO - 正在尝试使用 password 认证方式创建连接池...
2026-01-26 16:08:17 - ChatBI - INFO - 使用 password 认证方式数据库连接池初始化成功
2026-01-26 16:08:17 - ChatBI - INFO - Database connection pool initialized successfully
2026-01-26 16:09:15 - ChatBI - INFO - Closing database connection pool on shutdown...
2026-01-26 16:09:15 - ChatBI - INFO - 数据库连接池已成功关闭
2026-01-26 16:09:17 - ChatBI - INFO - Initializing database connection pool on startup...
2026-01-26 16:09:17 - ChatBI - INFO - 正在尝试使用 password 认证方式创建连接池...
2026-01-26 16:09:17 - ChatBI - INFO - 使用 password 认证方式数据库连接池初始化成功
2026-01-26 16:09:17 - ChatBI - INFO - Database connection pool initialized successfully
2026-01-26 16:09:21 - ChatBI - INFO - Closing database connection pool on shutdown...
2026-01-26 16:09:21 - ChatBI - INFO - 数据库连接池已成功关闭
2026-01-26 16:09:22 - ChatBI - INFO - Initializing database connection pool on startup...
2026-01-26 16:09:22 - ChatBI - INFO - 正在尝试使用 password 认证方式创建连接池...
2026-01-26 16:09:22 - ChatBI - INFO - 使用 password 认证方式数据库连接池初始化成功
2026-01-26 16:09:22 - ChatBI - INFO - Database connection pool initialized successfully
2026-01-26 16:09:31 - ChatBI - INFO - Closing database connection pool on shutdown...
2026-01-26 16:09:31 - ChatBI - INFO - 数据库连接池已成功关闭
2026-01-26 16:09:33 - ChatBI - INFO - Initializing database connection pool on startup...
2026-01-26 16:09:33 - ChatBI - INFO - 正在尝试使用 password 认证方式创建连接池...
2026-01-26 16:09:33 - ChatBI - INFO - 使用 password 认证方式数据库连接池初始化成功
2026-01-26 16:09:33 - ChatBI - INFO - Database connection pool initialized successfully
2026-01-26 16:09:38 - ChatBI - INFO - Closing database connection pool on shutdown...
2026-01-26 16:09:38 - ChatBI - INFO - 数据库连接池已成功关闭
2026-01-26 16:09:39 - ChatBI - INFO - Initializing database connection pool on startup...
2026-01-26 16:09:39 - ChatBI - INFO - 正在尝试使用 password 认证方式创建连接池...
2026-01-26 16:09:39 - ChatBI - INFO - 使用 password 认证方式数据库连接池初始化成功
2026-01-26 16:09:39 - ChatBI - INFO - Database connection pool initialized successfully
2026-01-26 16:09:49 - ChatBI - INFO - Closing database connection pool on shutdown...
2026-01-26 16:09:49 - ChatBI - INFO - 数据库连接池已成功关闭
2026-01-26 16:09:50 - ChatBI - INFO - Initializing database connection pool on startup...
2026-01-26 16:09:50 - ChatBI - INFO - 正在尝试使用 password 认证方式创建连接池...
2026-01-26 16:09:51 - ChatBI - INFO - 使用 password 认证方式数据库连接池初始化成功
2026-01-26 16:09:51 - ChatBI - INFO - Database connection pool initialized successfully
2026-01-26 16:09:56 - ChatBI - INFO - Closing database connection pool on shutdown...
2026-01-26 16:09:56 - ChatBI - INFO - 数据库连接池已成功关闭
2026-01-26 16:09:57 - ChatBI - INFO - Initializing database connection pool on startup...
2026-01-26 16:09:57 - ChatBI - INFO - 正在尝试使用 password 认证方式创建连接池...
2026-01-26 16:09:57 - ChatBI - INFO - 使用 password 认证方式数据库连接池初始化成功
2026-01-26 16:09:57 - ChatBI - INFO - Database connection pool initialized successfully
2026-01-26 16:10:11 - ChatBI - INFO - Closing database connection pool on shutdown...
2026-01-26 16:10:11 - ChatBI - INFO - 数据库连接池已成功关闭
2026-01-26 16:10:12 - ChatBI - INFO - Initializing database connection pool on startup...
2026-01-26 16:10:12 - ChatBI - INFO - 正在尝试使用 password 认证方式创建连接池...
2026-01-26 16:10:13 - ChatBI - INFO - 使用 password 认证方式数据库连接池初始化成功
2026-01-26 16:10:13 - ChatBI - INFO - Database connection pool initialized successfully
2026-01-26 16:10:19 - ChatBI - INFO - Closing database connection pool on shutdown...
2026-01-26 16:10:19 - ChatBI - INFO - 数据库连接池已成功关闭
2026-01-26 16:10:20 - ChatBI - INFO - Initializing database connection pool on startup...
2026-01-26 16:10:20 - ChatBI - INFO - 正在尝试使用 password 认证方式创建连接池...
2026-01-26 16:10:20 - ChatBI - INFO - 使用 password 认证方式数据库连接池初始化成功
2026-01-26 16:10:20 - ChatBI - INFO - Database connection pool initialized successfully
2026-01-26 16:10:28 - ChatBI - INFO - Closing database connection pool on shutdown...
2026-01-26 16:10:28 - ChatBI - INFO - 数据库连接池已成功关闭
2026-01-26 16:10:29 - ChatBI - INFO - Initializing database connection pool on startup...
2026-01-26 16:10:29 - ChatBI - INFO - 正在尝试使用 password 认证方式创建连接池...
2026-01-26 16:10:29 - ChatBI - INFO - 使用 password 认证方式数据库连接池初始化成功
2026-01-26 16:10:29 - ChatBI - INFO - Database connection pool initialized successfully
2026-01-26 16:11:03 - ChatBI - INFO - Closing database connection pool on shutdown...
2026-01-26 16:11:03 - ChatBI - INFO - 数据库连接池已成功关闭
2026-01-26 16:11:05 - ChatBI - INFO - Initializing database connection pool on startup...
2026-01-26 16:11:05 - ChatBI - INFO - 正在尝试使用 password 认证方式创建连接池...
2026-01-26 16:11:05 - ChatBI - INFO - 使用 password 认证方式数据库连接池初始化成功
2026-01-26 16:11:05 - ChatBI - INFO - Database connection pool initialized successfully
2026-01-26 16:11:25 - ChatBI - INFO - Closing database connection pool on shutdown...
2026-01-26 16:11:25 - ChatBI - INFO - 数据库连接池已成功关闭
2026-01-26 16:11:27 - ChatBI - INFO - Initializing database connection pool on startup...
2026-01-26 16:11:27 - ChatBI - INFO - 正在尝试使用 password 认证方式创建连接池...
2026-01-26 16:11:27 - ChatBI - INFO - 使用 password 认证方式数据库连接池初始化成功
2026-01-26 16:11:27 - ChatBI - INFO - Database connection pool initialized successfully
2026-01-26 16:11:41 - ChatBI - INFO - Closing database connection pool on shutdown...
2026-01-26 16:11:41 - ChatBI - INFO - 数据库连接池已成功关闭
2026-01-26 16:11:43 - ChatBI - INFO - Initializing database connection pool on startup...
2026-01-26 16:11:43 - ChatBI - INFO - 正在尝试使用 password 认证方式创建连接池...
2026-01-26 16:11:43 - ChatBI - INFO - 使用 password 认证方式数据库连接池初始化成功
2026-01-26 16:11:43 - ChatBI - INFO - Database connection pool initialized successfully
2026-01-26 16:16:05 - ChatBI - INFO - Closing database connection pool on shutdown...
2026-01-26 16:16:05 - ChatBI - INFO - 数据库连接池已成功关闭
2026-01-26 16:16:07 - ChatBI - INFO - Initializing database connection pool on startup...
2026-01-26 16:16:07 - ChatBI - INFO - 正在尝试使用 password 认证方式创建连接池...
2026-01-26 16:16:07 - ChatBI - INFO - 使用 password 认证方式数据库连接池初始化成功
2026-01-26 16:16:07 - ChatBI - INFO - Database connection pool initialized successfully
2026-01-26 16:16:18 - ChatBI - INFO - Closing database connection pool on shutdown...
2026-01-26 16:16:18 - ChatBI - INFO - 数据库连接池已成功关闭
2026-01-26 16:16:19 - ChatBI - INFO - Initializing database connection pool on startup...
2026-01-26 16:16:19 - ChatBI - INFO - 正在尝试使用 password 认证方式创建连接池...
2026-01-26 16:16:19 - ChatBI - INFO - 使用 password 认证方式数据库连接池初始化成功
2026-01-26 16:16:19 - ChatBI - INFO - Database connection pool initialized successfully
2026-01-26 16:16:25 - ChatBI - INFO - Closing database connection pool on shutdown...
2026-01-26 16:16:25 - ChatBI - INFO - 数据库连接池已成功关闭
2026-01-26 16:16:26 - ChatBI - INFO - Initializing database connection pool on startup...
2026-01-26 16:16:26 - ChatBI - INFO - 正在尝试使用 password 认证方式创建连接池...
2026-01-26 16:16:26 - ChatBI - INFO - 使用 password 认证方式数据库连接池初始化成功
2026-01-26 16:16:26 - ChatBI - INFO - Database connection pool initialized successfully
2026-01-26 16:16:35 - ChatBI - INFO - Closing database connection pool on shutdown...
2026-01-26 16:16:35 - ChatBI - INFO - 数据库连接池已成功关闭
2026-01-26 16:16:36 - ChatBI - INFO - Initializing database connection pool on startup...
2026-01-26 16:16:36 - ChatBI - INFO - 正在尝试使用 password 认证方式创建连接池...
2026-01-26 16:16:36 - ChatBI - INFO - 使用 password 认证方式数据库连接池初始化成功
2026-01-26 16:16:36 - ChatBI - INFO - Database connection pool initialized successfully
2026-01-26 16:16:47 - ChatBI - INFO - Closing database connection pool on shutdown...
2026-01-26 16:16:47 - ChatBI - INFO - 数据库连接池已成功关闭
2026-01-26 16:16:48 - ChatBI - INFO - Initializing database connection pool on startup...
2026-01-26 16:16:48 - ChatBI - INFO - 正在尝试使用 password 认证方式创建连接池...
2026-01-26 16:16:48 - ChatBI - INFO - 使用 password 认证方式数据库连接池初始化成功
2026-01-26 16:16:48 - ChatBI - INFO - Database connection pool initialized successfully
2026-01-26 16:17:38 - ChatBI - INFO - Initializing database connection pool on startup...
2026-01-26 16:17:38 - ChatBI - INFO - 正在尝试使用 password 认证方式创建连接池...
2026-01-26 16:17:38 - ChatBI - INFO - 使用 password 认证方式数据库连接池初始化成功
2026-01-26 16:17:38 - ChatBI - INFO - Database connection pool initialized successfully
2026-01-26 16:17:54 - ChatBI - INFO - Closing database connection pool on shutdown...
2026-01-26 16:17:54 - ChatBI - INFO - 数据库连接池已成功关闭
2026-01-26 16:21:16 - ChatBI - INFO - Initializing database connection pool on startup...
2026-01-26 16:21:16 - ChatBI - INFO - 正在尝试使用 password 认证方式创建连接池...
2026-01-26 16:21:16 - ChatBI - INFO - 使用 password 认证方式数据库连接池初始化成功
2026-01-26 16:21:16 - ChatBI - INFO - Database connection pool initialized successfully
2026-01-26 16:22:44 - ChatBI - INFO - Closing database connection pool on shutdown...
2026-01-26 16:22:44 - ChatBI - INFO - 数据库连接池已成功关闭
2026-01-26 16:22:45 - ChatBI - INFO - Initializing database connection pool on startup...
2026-01-26 16:22:45 - ChatBI - INFO - 正在尝试使用 password 认证方式创建连接池...
2026-01-26 16:22:45 - ChatBI - INFO - 使用 password 认证方式数据库连接池初始化成功
2026-01-26 16:22:45 - ChatBI - INFO - Database connection pool initialized successfully
2026-01-26 16:22:56 - ChatBI - INFO - Closing database connection pool on shutdown...
2026-01-26 16:22:56 - ChatBI - INFO - 数据库连接池已成功关闭
2026-01-26 16:22:58 - ChatBI - INFO - Initializing database connection pool on startup...
2026-01-26 16:22:58 - ChatBI - INFO - 正在尝试使用 password 认证方式创建连接池...
2026-01-26 16:22:58 - ChatBI - INFO - 使用 password 认证方式数据库连接池初始化成功
2026-01-26 16:22:58 - ChatBI - INFO - Database connection pool initialized successfully
2026-01-26 16:23:06 - ChatBI - INFO - Closing database connection pool on shutdown...
2026-01-26 16:23:06 - ChatBI - INFO - 数据库连接池已成功关闭
2026-01-26 16:23:07 - ChatBI - INFO - Initializing database connection pool on startup...
2026-01-26 16:23:07 - ChatBI - INFO - 正在尝试使用 password 认证方式创建连接池...
2026-01-26 16:23:07 - ChatBI - INFO - 使用 password 认证方式数据库连接池初始化成功
2026-01-26 16:23:07 - ChatBI - INFO - Database connection pool initialized successfully
2026-01-26 16:23:09 - ChatBI - INFO - Closing database connection pool on shutdown...
2026-01-26 16:23:09 - ChatBI - INFO - 数据库连接池已成功关闭
2026-01-26 16:23:10 - ChatBI - INFO - Initializing database connection pool on startup...
2026-01-26 16:23:10 - ChatBI - INFO - 正在尝试使用 password 认证方式创建连接池...
2026-01-26 16:23:10 - ChatBI - INFO - 使用 password 认证方式数据库连接池初始化成功
2026-01-26 16:23:10 - ChatBI - INFO - Database connection pool initialized successfully
2026-01-26 16:23:17 - ChatBI - WARNING - 连接池未初始化，尝试自动初始化
2026-01-26 16:23:17 - ChatBI - INFO - 正在尝试使用 password 认证方式创建连接池...
2026-01-26 16:23:17 - ChatBI - INFO - 使用 password 认证方式数据库连接池初始化成功
2026-01-26 16:23:17 - ChatBI - ERROR - 从连接池获取连接失败: Failed getting connection; pool exhausted
2026-01-26 16:23:17 - ChatBI - ERROR - 从连接池获取连接失败: Failed getting connection; pool exhausted
2026-01-26 16:23:18 - ChatBI - ERROR - 从连接池获取连接失败: Failed getting connection; pool exhausted
2026-01-26 16:23:18 - ChatBI - ERROR - 从连接池获取连接失败: Failed getting connection; pool exhausted
2026-01-26 16:24:09 - ChatBI - INFO - Closing database connection pool on shutdown...
2026-01-26 16:24:09 - ChatBI - INFO - 数据库连接池已成功关闭
2026-01-26 16:24:11 - ChatBI - INFO - Initializing database connection pool on startup...
2026-01-26 16:24:11 - ChatBI - INFO - 正在尝试使用 password 认证方式创建连接池...
2026-01-26 16:24:11 - ChatBI - INFO - 使用 password 认证方式数据库连接池初始化成功
2026-01-26 16:24:11 - ChatBI - INFO - Database connection pool initialized successfully
2026-01-26 16:24:15 - ChatBI - INFO - Closing database connection pool on shutdown...
2026-01-26 16:24:15 - ChatBI - INFO - 数据库连接池已成功关闭
