2026-01-27 11:03:57 - ChatBI - INFO - Initializing database connection on startup...
2026-01-27 11:03:57 - ChatBI - INFO - Database tables created successfully
2026-01-27 11:05:41 - ChatBI - INFO - Closing database connection on shutdown...
2026-01-27 11:05:43 - ChatBI - INFO - Initializing database connection on startup...
2026-01-27 11:05:43 - ChatBI - INFO - Database tables created successfully
2026-01-27 11:08:48 - ChatBI - INFO - Closing database connection on shutdown...
2026-01-27 11:08:50 - ChatBI - INFO - Initializing database connection on startup...
2026-01-27 11:08:50 - ChatBI - INFO - Database tables created successfully
2026-01-27 11:09:40 - ChatBI - INFO - Closing database connection on shutdown...
2026-01-27 11:09:41 - ChatBI - INFO - Initializing database connection on startup...
2026-01-27 11:09:41 - ChatBI - INFO - Database tables created successfully
2026-01-27 11:10:27 - ChatBI - INFO - Closing database connection on shutdown...
2026-01-27 11:10:28 - ChatBI - INFO - Initializing database connection on startup...
2026-01-27 11:10:29 - ChatBI - INFO - Database tables created successfully
2026-01-27 11:11:20 - ChatBI - INFO - Closing database connection on shutdown...
2026-01-27 11:11:22 - ChatBI - INFO - Initializing database connection on startup...
2026-01-27 11:11:22 - ChatBI - INFO - Database tables created successfully
2026-01-27 11:11:36 - ChatBI - INFO - Closing database connection on shutdown...
2026-01-27 11:11:38 - ChatBI - INFO - Initializing database connection on startup...
2026-01-27 11:11:38 - ChatBI - INFO - Database tables created successfully
2026-01-27 11:11:41 - ChatBI - INFO - Closing database connection on shutdown...
2026-01-27 11:11:43 - ChatBI - INFO - Initializing database connection on startup...
2026-01-27 11:11:43 - ChatBI - INFO - Database tables created successfully
2026-01-27 11:12:02 - ChatBI - INFO - Closing database connection on shutdown...
2026-01-27 11:12:03 - ChatBI - INFO - Initializing database connection on startup...
2026-01-27 11:12:03 - ChatBI - INFO - Database tables created successfully
2026-01-27 11:12:10 - ChatBI - INFO - Closing database connection on shutdown...
2026-01-27 11:12:11 - ChatBI - INFO - Initializing database connection on startup...
2026-01-27 11:12:11 - ChatBI - INFO - Database tables created successfully
2026-01-27 11:12:27 - ChatBI - INFO - Closing database connection on shutdown...
2026-01-27 11:12:28 - ChatBI - INFO - Initializing database connection on startup...
2026-01-27 11:12:28 - ChatBI - INFO - Database tables created successfully
2026-01-27 11:12:36 - ChatBI - INFO - Closing database connection on shutdown...
2026-01-27 11:12:37 - ChatBI - INFO - Initializing database connection on startup...
2026-01-27 11:12:37 - ChatBI - INFO - Database tables created successfully
2026-01-27 11:12:43 - ChatBI - INFO - Closing database connection on shutdown...
2026-01-27 11:12:44 - ChatBI - INFO - Initializing database connection on startup...
2026-01-27 11:12:44 - ChatBI - INFO - Database tables created successfully
2026-01-27 11:12:52 - ChatBI - INFO - Closing database connection on shutdown...
2026-01-27 11:12:53 - ChatBI - INFO - Initializing database connection on startup...
2026-01-27 11:12:53 - ChatBI - INFO - Database tables created successfully
2026-01-27 11:16:50 - ChatBI - INFO - Closing database connection on shutdown...
2026-01-27 11:16:52 - ChatBI - INFO - Initializing database connection on startup...
2026-01-27 11:16:52 - ChatBI - INFO - Database tables created successfully
2026-01-27 11:17:16 - ChatBI - INFO - Closing database connection on shutdown...
2026-01-27 11:17:18 - ChatBI - INFO - Initializing database connection on startup...
2026-01-27 11:17:18 - ChatBI - INFO - Database tables created successfully
2026-01-27 11:17:37 - ChatBI - INFO - Closing database connection on shutdown...
2026-01-27 11:17:38 - ChatBI - INFO - Initializing database connection on startup...
2026-01-27 11:17:38 - ChatBI - INFO - Database tables created successfully
2026-01-27 11:17:46 - ChatBI - INFO - Closing database connection on shutdown...
2026-01-27 11:17:47 - ChatBI - INFO - Initializing database connection on startup...
2026-01-27 11:17:47 - ChatBI - INFO - Database tables created successfully
2026-01-27 11:17:57 - ChatBI - INFO - Closing database connection on shutdown...
2026-01-27 11:17:58 - ChatBI - INFO - Initializing database connection on startup...
2026-01-27 11:17:59 - ChatBI - INFO - Database tables created successfully
2026-01-27 11:18:18 - ChatBI - INFO - Closing database connection on shutdown...
2026-01-27 11:18:19 - ChatBI - INFO - Initializing database connection on startup...
2026-01-27 11:18:19 - ChatBI - INFO - Database tables created successfully
2026-01-27 11:18:51 - ChatBI - INFO - Closing database connection on shutdown...
2026-01-27 11:18:53 - ChatBI - INFO - Initializing database connection on startup...
2026-01-27 11:18:53 - ChatBI - INFO - Database tables created successfully
2026-01-27 11:19:16 - ChatBI - INFO - Closing database connection on shutdown...
2026-01-27 11:19:18 - ChatBI - INFO - Initializing database connection on startup...
2026-01-27 11:19:18 - ChatBI - INFO - Database tables created successfully
2026-01-27 11:19:42 - ChatBI - INFO - Closing database connection on shutdown...
2026-01-27 11:19:44 - ChatBI - INFO - Initializing database connection on startup...
2026-01-27 11:19:44 - ChatBI - INFO - Database tables created successfully
2026-01-27 11:19:54 - ChatBI - INFO - Closing database connection on shutdown...
2026-01-27 11:19:55 - ChatBI - INFO - Initializing database connection on startup...
2026-01-27 11:19:55 - ChatBI - INFO - Database tables created successfully
2026-01-27 11:20:22 - ChatBI - INFO - Closing database connection on shutdown...
2026-01-27 11:20:23 - ChatBI - INFO - Initializing database connection on startup...
2026-01-27 11:20:23 - ChatBI - INFO - Database tables created successfully
2026-01-27 11:20:31 - ChatBI - INFO - Closing database connection on shutdown...
2026-01-27 11:20:33 - ChatBI - INFO - Initializing database connection on startup...
2026-01-27 11:20:33 - ChatBI - INFO - Database tables created successfully
2026-01-27 11:20:52 - ChatBI - INFO - Closing database connection on shutdown...
2026-01-27 11:20:53 - ChatBI - INFO - Initializing database connection on startup...
2026-01-27 11:20:53 - ChatBI - INFO - Database tables created successfully
2026-01-27 11:21:03 - ChatBI - INFO - Closing database connection on shutdown...
2026-01-27 11:21:05 - ChatBI - INFO - Initializing database connection on startup...
2026-01-27 11:21:05 - ChatBI - INFO - Database tables created successfully
2026-01-27 11:21:22 - ChatBI - INFO - Closing database connection on shutdown...
2026-01-27 11:21:23 - ChatBI - INFO - Initializing database connection on startup...
2026-01-27 11:21:23 - ChatBI - INFO - Database tables created successfully
2026-01-27 11:21:32 - ChatBI - INFO - Closing database connection on shutdown...
2026-01-27 11:21:33 - ChatBI - INFO - Initializing database connection on startup...
2026-01-27 11:21:33 - ChatBI - INFO - Database tables created successfully
2026-01-27 11:30:28 - ChatBI - INFO - Closing database connection on shutdown...
2026-01-27 11:30:30 - ChatBI - INFO - Initializing database connection on startup...
2026-01-27 11:30:30 - ChatBI - INFO - Database tables created successfully
2026-01-27 11:30:41 - ChatBI - INFO - Closing database connection on shutdown...
2026-01-27 11:30:43 - ChatBI - INFO - Initializing database connection on startup...
2026-01-27 11:30:43 - ChatBI - INFO - Database tables created successfully
2026-01-27 11:30:43 - ChatBI - INFO - Closing database connection on shutdown...
2026-01-27 11:30:45 - ChatBI - INFO - Initializing database connection on startup...
2026-01-27 11:30:45 - ChatBI - INFO - Database tables created successfully
2026-01-27 11:30:46 - ChatBI - INFO - Closing database connection on shutdown...
2026-01-27 11:30:48 - ChatBI - INFO - Initializing database connection on startup...
2026-01-27 11:30:48 - ChatBI - INFO - Database tables created successfully
2026-01-27 11:31:46 - ChatBI - INFO - Closing database connection on shutdown...
2026-01-27 11:31:47 - ChatBI - INFO - Initializing database connection on startup...
2026-01-27 11:31:47 - ChatBI - INFO - Database tables created successfully
2026-01-27 11:31:49 - ChatBI - INFO - Closing database connection on shutdown...
2026-01-27 11:31:50 - ChatBI - INFO - Initializing database connection on startup...
2026-01-27 11:31:50 - ChatBI - INFO - Database tables created successfully
2026-01-27 11:32:34 - ChatBI - INFO - Closing database connection on shutdown...
2026-01-27 11:32:36 - ChatBI - INFO - Initializing database connection on startup...
2026-01-27 11:32:36 - ChatBI - INFO - Database tables created successfully
2026-01-27 11:32:51 - ChatBI - INFO - Closing database connection on shutdown...
2026-01-27 11:32:52 - ChatBI - INFO - Initializing database connection on startup...
2026-01-27 11:32:52 - ChatBI - INFO - Database tables created successfully
2026-01-27 11:33:08 - ChatBI - INFO - Closing database connection on shutdown...
2026-01-27 11:33:10 - ChatBI - INFO - Initializing database connection on startup...
2026-01-27 11:33:10 - ChatBI - INFO - Database tables created successfully
2026-01-27 11:33:29 - ChatBI - INFO - Closing database connection on shutdown...
2026-01-27 11:33:30 - ChatBI - INFO - Initializing database connection on startup...
2026-01-27 11:33:30 - ChatBI - INFO - Database tables created successfully
2026-01-27 11:34:27 - ChatBI - INFO - Closing database connection on shutdown...
2026-01-27 11:34:28 - ChatBI - INFO - Initializing database connection on startup...
2026-01-27 11:34:28 - ChatBI - INFO - Database tables created successfully
2026-01-27 11:35:52 - ChatBI - INFO - Closing database connection on shutdown...
2026-01-27 11:35:54 - ChatBI - INFO - Initializing database connection on startup...
2026-01-27 11:35:54 - ChatBI - INFO - Database tables created successfully
2026-01-27 12:11:12 - ChatBI - INFO - Closing database connection on shutdown...
2026-01-27 16:59:37 - ChatBI - ERROR - 创建表关联失败: Invalid isoformat string: 'CURRENT_TIMESTAMP'
2026-01-27 17:00:28 - ChatBI - ERROR - 创建表关联失败: (sqlite3.OperationalError) no such table: table_relations
[SQL: SELECT table_relations.id, table_relations.relation_name, table_relations.primary_table_id, table_relations.primary_field_id, table_relations.foreign_table_id, table_relations.foreign_field_id, table_relations.join_type, table_relations.description, table_relations.status, table_relations.created_by, table_relations.created_at, table_relations.updated_at 
FROM table_relations 
WHERE table_relations.id = ?]
[parameters: ('02449f29-fe2d-4566-b9ee-4cb4d7af1660',)]
(Background on this error at: https://sqlalche.me/e/20/e3q8)
2026-01-27 17:42:56 - ChatBI - ERROR - 获取表关联详情失败: 404: 表关联不存在，ID: graph
2026-01-27 17:42:56 - ChatBI - ERROR - 获取表关联详情失败: 404: 表关联不存在，ID: graph
2026-01-27 17:42:56 - ChatBI - ERROR - 获取表关联详情失败: 404: 表关联不存在，ID: graph
2026-01-27 17:42:56 - ChatBI - ERROR - 获取表关联详情失败: 404: 表关联不存在，ID: graph
2026-01-27 17:42:57 - ChatBI - ERROR - 获取表关联详情失败: 404: 表关联不存在，ID: graph
2026-01-27 17:42:57 - ChatBI - ERROR - 获取表关联详情失败: 404: 表关联不存在，ID: graph
2026-01-27 18:01:55 - ChatBI - ERROR - 创建表关联失败: (sqlite3.OperationalError) no such table: table_relations
[SQL: SELECT table_relations.id, table_relations.relation_name, table_relations.primary_table_id, table_relations.primary_field_id, table_relations.foreign_table_id, table_relations.foreign_field_id, table_relations.join_type, table_relations.description, table_relations.status, table_relations.created_by, table_relations.created_at, table_relations.updated_at 
FROM table_relations 
WHERE table_relations.id = ?]
[parameters: ('d3b83398-9161-4091-ae18-b14df91aa70e',)]
(Background on this error at: https://sqlalche.me/e/20/e3q8)
2026-01-27 18:01:55 - ChatBI - ERROR - 创建表关联失败: (sqlite3.OperationalError) no such table: table_relations
[SQL: SELECT table_relations.id, table_relations.relation_name, table_relations.primary_table_id, table_relations.primary_field_id, table_relations.foreign_table_id, table_relations.foreign_field_id, table_relations.join_type, table_relations.description, table_relations.status, table_relations.created_by, table_relations.created_at, table_relations.updated_at 
FROM table_relations 
WHERE table_relations.id = ?]
[parameters: ('1966d6dc-4e8a-4de3-83dd-c6ebc9d94ad2',)]
(Background on this error at: https://sqlalche.me/e/20/e3q8)
2026-01-27 18:01:55 - ChatBI - ERROR - 创建表关联失败: (sqlite3.OperationalError) no such table: data_tables
[SQL: SELECT data_tables.id AS data_tables_id, data_tables.data_source_id AS data_tables_data_source_id, data_tables.table_name AS data_tables_table_name, data_tables.display_name AS data_tables_display_name, data_tables.description AS data_tables_description, data_tables.data_mode AS data_tables_data_mode, data_tables.status AS data_tables_status, data_tables.field_count AS data_tables_field_count, data_tables.row_count AS data_tables_row_count, data_tables.import_status AS data_tables_import_status, data_tables.last_sync_time AS data_tables_last_sync_time, data_tables.last_refreshed AS data_tables_last_refreshed, data_tables.created_by AS data_tables_created_by, data_tables.created_at AS data_tables_created_at, data_tables.updated_at AS data_tables_updated_at 
FROM data_tables 
WHERE data_tables.id = ?
 LIMIT ? OFFSET ?]
[parameters: ('c5257178-e04d-46d6-8ea8-b93aaac87899', 1, 0)]
(Background on this error at: https://sqlalche.me/e/20/e3q8)
2026-01-27 18:01:55 - ChatBI - ERROR - 获取表关联列表失败: (sqlite3.OperationalError) no such table: table_relations
[SQL: SELECT table_relations.id AS table_relations_id, table_relations.relation_name AS table_relations_relation_name, table_relations.primary_table_id AS table_relations_primary_table_id, table_relations.primary_field_id AS table_relations_primary_field_id, table_relations.foreign_table_id AS table_relations_foreign_table_id, table_relations.foreign_field_id AS table_relations_foreign_field_id, table_relations.join_type AS table_relations_join_type, table_relations.description AS table_relations_description, table_relations.status AS table_relations_status, table_relations.created_by AS table_relations_created_by, table_relations.created_at AS table_relations_created_at, table_relations.updated_at AS table_relations_updated_at 
FROM table_relations
 LIMIT ? OFFSET ?]
[parameters: (10, 0)]
(Background on this error at: https://sqlalche.me/e/20/e3q8)
2026-01-27 18:01:56 - ChatBI - ERROR - 创建表关联失败: (sqlite3.OperationalError) no such table: table_relations
[SQL: SELECT table_relations.id, table_relations.relation_name, table_relations.primary_table_id, table_relations.primary_field_id, table_relations.foreign_table_id, table_relations.foreign_field_id, table_relations.join_type, table_relations.description, table_relations.status, table_relations.created_by, table_relations.created_at, table_relations.updated_at 
FROM table_relations 
WHERE table_relations.id = ?]
[parameters: ('b357d55d-29b2-4da5-a2c6-1ecfb1023dd4',)]
(Background on this error at: https://sqlalche.me/e/20/e3q8)
2026-01-27 18:01:56 - ChatBI - ERROR - 创建表关联失败: (sqlite3.OperationalError) no such table: table_relations
[SQL: SELECT table_relations.id, table_relations.relation_name, table_relations.primary_table_id, table_relations.primary_field_id, table_relations.foreign_table_id, table_relations.foreign_field_id, table_relations.join_type, table_relations.description, table_relations.status, table_relations.created_by, table_relations.created_at, table_relations.updated_at 
FROM table_relations 
WHERE table_relations.id = ?]
[parameters: ('b26ad99e-b50d-45b5-8748-25d4be8010ee',)]
(Background on this error at: https://sqlalche.me/e/20/e3q8)
2026-01-27 18:01:56 - ChatBI - ERROR - 创建表关联失败: (sqlite3.OperationalError) no such table: table_relations
[SQL: SELECT table_relations.id, table_relations.relation_name, table_relations.primary_table_id, table_relations.primary_field_id, table_relations.foreign_table_id, table_relations.foreign_field_id, table_relations.join_type, table_relations.description, table_relations.status, table_relations.created_by, table_relations.created_at, table_relations.updated_at 
FROM table_relations 
WHERE table_relations.id = ?]
[parameters: ('c3a0f9b9-4235-4e71-9ff8-6e6ccf47512d',)]
(Background on this error at: https://sqlalche.me/e/20/e3q8)
2026-01-27 18:01:56 - ChatBI - ERROR - 创建表关联失败: (sqlite3.OperationalError) no such table: data_tables
[SQL: SELECT data_tables.id AS data_tables_id, data_tables.data_source_id AS data_tables_data_source_id, data_tables.table_name AS data_tables_table_name, data_tables.display_name AS data_tables_display_name, data_tables.description AS data_tables_description, data_tables.data_mode AS data_tables_data_mode, data_tables.status AS data_tables_status, data_tables.field_count AS data_tables_field_count, data_tables.row_count AS data_tables_row_count, data_tables.import_status AS data_tables_import_status, data_tables.last_sync_time AS data_tables_last_sync_time, data_tables.last_refreshed AS data_tables_last_refreshed, data_tables.created_by AS data_tables_created_by, data_tables.created_at AS data_tables_created_at, data_tables.updated_at AS data_tables_updated_at 
FROM data_tables 
WHERE data_tables.id = ?
 LIMIT ? OFFSET ?]
[parameters: ('f9a007a2-fe8a-4a60-975d-48521e6af809', 1, 0)]
(Background on this error at: https://sqlalche.me/e/20/e3q8)
2026-01-27 18:01:56 - ChatBI - ERROR - 创建表关联失败: (sqlite3.OperationalError) no such table: table_relations
[SQL: SELECT table_relations.id, table_relations.relation_name, table_relations.primary_table_id, table_relations.primary_field_id, table_relations.foreign_table_id, table_relations.foreign_field_id, table_relations.join_type, table_relations.description, table_relations.status, table_relations.created_by, table_relations.created_at, table_relations.updated_at 
FROM table_relations 
WHERE table_relations.id = ?]
[parameters: ('bf6f9cfa-437c-4a23-b1ba-035f8705f673',)]
(Background on this error at: https://sqlalche.me/e/20/e3q8)
2026-01-27 18:01:56 - ChatBI - ERROR - 创建表关联失败: (sqlite3.OperationalError) no such table: table_relations
[SQL: SELECT table_relations.id, table_relations.relation_name, table_relations.primary_table_id, table_relations.primary_field_id, table_relations.foreign_table_id, table_relations.foreign_field_id, table_relations.join_type, table_relations.description, table_relations.status, table_relations.created_by, table_relations.created_at, table_relations.updated_at 
FROM table_relations 
WHERE table_relations.id = ?]
[parameters: ('12502c9a-4098-441d-a4c0-425b713eb211',)]
(Background on this error at: https://sqlalche.me/e/20/e3q8)
2026-01-27 18:11:42 - ChatBI - INFO - Initializing database connection on startup...
2026-01-27 18:11:42 - ChatBI - INFO - Database tables created successfully
2026-01-27 18:16:53 - ChatBI - ERROR - 创建表关联失败: (sqlite3.OperationalError) no such table: table_relations
[SQL: SELECT table_relations.id, table_relations.relation_name, table_relations.primary_table_id, table_relations.primary_field_id, table_relations.foreign_table_id, table_relations.foreign_field_id, table_relations.join_type, table_relations.description, table_relations.status, table_relations.created_by, table_relations.created_at, table_relations.updated_at 
FROM table_relations 
WHERE table_relations.id = ?]
[parameters: ('a01c9024-e361-42c5-8189-8cec5c57753f',)]
(Background on this error at: https://sqlalche.me/e/20/e3q8)
2026-01-27 18:18:00 - ChatBI - INFO - Closing database connection on shutdown...
2026-01-27 18:20:12 - ChatBI - ERROR - 创建表关联失败: (sqlite3.OperationalError) no such table: table_relations
[SQL: SELECT table_relations.id, table_relations.relation_name, table_relations.primary_table_id, table_relations.primary_field_id, table_relations.foreign_table_id, table_relations.foreign_field_id, table_relations.join_type, table_relations.description, table_relations.status, table_relations.created_by, table_relations.created_at, table_relations.updated_at 
FROM table_relations 
WHERE table_relations.id = ?]
[parameters: ('9b6fd578-b7bb-4dc6-bc7c-a40913ca3092',)]
(Background on this error at: https://sqlalche.me/e/20/e3q8)
2026-01-27 18:32:59 - ChatBI - WARNING - 连接池未初始化，尝试自动初始化
2026-01-27 18:32:59 - ChatBI - INFO - 正在尝试使用 password 认证方式创建连接池...
2026-01-27 18:32:59 - ChatBI - INFO - 使用 password 认证方式数据库连接池初始化成功
2026-01-27 18:32:59 - ChatBI - ERROR - 创建表关联失败: (sqlite3.OperationalError) no such table: table_relations
[SQL: SELECT table_relations.id, table_relations.relation_name, table_relations.primary_table_id, table_relations.primary_field_id, table_relations.foreign_table_id, table_relations.foreign_field_id, table_relations.join_type, table_relations.description, table_relations.status, table_relations.created_by, table_relations.created_at, table_relations.updated_at 
FROM table_relations 
WHERE table_relations.id = ?]
[parameters: ('e929a748-9f3d-4112-8294-80c1a3007043',)]
(Background on this error at: https://sqlalche.me/e/20/e3q8)
2026-01-27 18:32:59 - ChatBI - ERROR - 创建表关联失败: (sqlite3.OperationalError) no such table: data_tables
[SQL: SELECT data_tables.id AS data_tables_id, data_tables.data_source_id AS data_tables_data_source_id, data_tables.table_name AS data_tables_table_name, data_tables.display_name AS data_tables_display_name, data_tables.description AS data_tables_description, data_tables.data_mode AS data_tables_data_mode, data_tables.status AS data_tables_status, data_tables.field_count AS data_tables_field_count, data_tables.row_count AS data_tables_row_count, data_tables.import_status AS data_tables_import_status, data_tables.last_sync_time AS data_tables_last_sync_time, data_tables.last_refreshed AS data_tables_last_refreshed, data_tables.created_by AS data_tables_created_by, data_tables.created_at AS data_tables_created_at, data_tables.updated_at AS data_tables_updated_at 
FROM data_tables 
WHERE data_tables.id = ?
 LIMIT ? OFFSET ?]
[parameters: ('276eeea7-78f4-4b6f-ac8b-492426918470', 1, 0)]
(Background on this error at: https://sqlalche.me/e/20/e3q8)
2026-01-27 18:32:59 - ChatBI - ERROR - 获取表关联列表失败: (sqlite3.OperationalError) no such table: table_relations
[SQL: SELECT table_relations.id AS table_relations_id, table_relations.relation_name AS table_relations_relation_name, table_relations.primary_table_id AS table_relations_primary_table_id, table_relations.primary_field_id AS table_relations_primary_field_id, table_relations.foreign_table_id AS table_relations_foreign_table_id, table_relations.foreign_field_id AS table_relations_foreign_field_id, table_relations.join_type AS table_relations_join_type, table_relations.description AS table_relations_description, table_relations.status AS table_relations_status, table_relations.created_by AS table_relations_created_by, table_relations.created_at AS table_relations_created_at, table_relations.updated_at AS table_relations_updated_at 
FROM table_relations
 LIMIT ? OFFSET ?]
[parameters: (10, 0)]
(Background on this error at: https://sqlalche.me/e/20/e3q8)
2026-01-27 18:33:01 - ChatBI - ERROR - 创建表关联失败: (sqlite3.OperationalError) no such table: table_relations
[SQL: SELECT table_relations.id, table_relations.relation_name, table_relations.primary_table_id, table_relations.primary_field_id, table_relations.foreign_table_id, table_relations.foreign_field_id, table_relations.join_type, table_relations.description, table_relations.status, table_relations.created_by, table_relations.created_at, table_relations.updated_at 
FROM table_relations 
WHERE table_relations.id = ?]
[parameters: ('d6d783ba-eacf-4cc2-9dc0-36d4659b8fa1',)]
(Background on this error at: https://sqlalche.me/e/20/e3q8)
2026-01-27 18:33:01 - ChatBI - ERROR - 创建表关联失败: (sqlite3.OperationalError) no such table: data_tables
[SQL: SELECT data_tables.id AS data_tables_id, data_tables.data_source_id AS data_tables_data_source_id, data_tables.table_name AS data_tables_table_name, data_tables.display_name AS data_tables_display_name, data_tables.description AS data_tables_description, data_tables.data_mode AS data_tables_data_mode, data_tables.status AS data_tables_status, data_tables.field_count AS data_tables_field_count, data_tables.row_count AS data_tables_row_count, data_tables.import_status AS data_tables_import_status, data_tables.last_sync_time AS data_tables_last_sync_time, data_tables.last_refreshed AS data_tables_last_refreshed, data_tables.created_by AS data_tables_created_by, data_tables.created_at AS data_tables_created_at, data_tables.updated_at AS data_tables_updated_at 
FROM data_tables 
WHERE data_tables.id = ?
 LIMIT ? OFFSET ?]
[parameters: ('980ae8c1-2677-435e-8aa4-5a69fa6fb568', 1, 0)]
(Background on this error at: https://sqlalche.me/e/20/e3q8)
2026-01-27 18:33:02 - ChatBI - ERROR - 创建表关联失败: (sqlite3.OperationalError) no such table: table_relations
[SQL: SELECT table_relations.id, table_relations.relation_name, table_relations.primary_table_id, table_relations.primary_field_id, table_relations.foreign_table_id, table_relations.foreign_field_id, table_relations.join_type, table_relations.description, table_relations.status, table_relations.created_by, table_relations.created_at, table_relations.updated_at 
FROM table_relations 
WHERE table_relations.id = ?]
[parameters: ('3667b1f9-f399-4338-8d1b-8654a56f25d9',)]
(Background on this error at: https://sqlalche.me/e/20/e3q8)
2026-01-27 18:33:03 - ChatBI - ERROR - 获取表关联图结构数据失败: (sqlite3.OperationalError) no such table: data_tables
[SQL: SELECT data_tables.id AS data_tables_id, data_tables.data_source_id AS data_tables_data_source_id, data_tables.table_name AS data_tables_table_name, data_tables.display_name AS data_tables_display_name, data_tables.description AS data_tables_description, data_tables.data_mode AS data_tables_data_mode, data_tables.status AS data_tables_status, data_tables.field_count AS data_tables_field_count, data_tables.row_count AS data_tables_row_count, data_tables.import_status AS data_tables_import_status, data_tables.last_sync_time AS data_tables_last_sync_time, data_tables.last_refreshed AS data_tables_last_refreshed, data_tables.created_by AS data_tables_created_by, data_tables.created_at AS data_tables_created_at, data_tables.updated_at AS data_tables_updated_at 
FROM data_tables]
(Background on this error at: https://sqlalche.me/e/20/e3q8)
2026-01-27 18:33:04 - ChatBI - ERROR - 获取表关联图结构数据失败: (sqlite3.OperationalError) no such table: data_tables
[SQL: SELECT data_tables.id AS data_tables_id, data_tables.data_source_id AS data_tables_data_source_id, data_tables.table_name AS data_tables_table_name, data_tables.display_name AS data_tables_display_name, data_tables.description AS data_tables_description, data_tables.data_mode AS data_tables_data_mode, data_tables.status AS data_tables_status, data_tables.field_count AS data_tables_field_count, data_tables.row_count AS data_tables_row_count, data_tables.import_status AS data_tables_import_status, data_tables.last_sync_time AS data_tables_last_sync_time, data_tables.last_refreshed AS data_tables_last_refreshed, data_tables.created_by AS data_tables_created_by, data_tables.created_at AS data_tables_created_at, data_tables.updated_at AS data_tables_updated_at 
FROM data_tables]
(Background on this error at: https://sqlalche.me/e/20/e3q8)
